
> blogger@0.0.0 start /home/bitnami/blogger5
> node ./bin/www

Mongoose connected to mongodb://blog:blog@localhost:27017/blog
[0mGET / [32m200 [0m6.280 ms - 7306[0m
[0mGET /lib/angular-route.min.js [32m200 [0m1.044 ms - 3884[0m
[0mGET /common/nav/navigation.js [32m200 [0m0.513 ms - 756[0m
[0mGET /lib/angular-ui-router.min.js [32m200 [0m0.842 ms - 19546[0m
[0mGET /blogApp.js [32m200 [0m1.173 ms - 8994[0m
[0mGET /favicon.ico [33m404 [0m6.985 ms - 1395[0m
[0mGET /nav/navigation.html [32m200 [0m0.595 ms - 693[0m
[0mGET / [32m200 [0m0.588 ms - 7306[0m
[0mGET /lib/angular-route.min.js [36m304 [0m1.139 ms - -[0m
[0mGET /lib/angular-ui-router.min.js [36m304 [0m0.366 ms - -[0m
[0mGET /blogApp.js [36m304 [0m0.318 ms - -[0m
[0mGET /common/nav/navigation.js [36m304 [0m0.296 ms - -[0m
[0mGET /nav/navigation.html [32m200 [0m0.607 ms - 693[0m
[0mGET / [32m200 [0m0.653 ms - 7306[0m
[0mGET /lib/angular-ui-router.min.js [36m304 [0m0.327 ms - -[0m
[0mGET /lib/angular-route.min.js [36m304 [0m0.291 ms - -[0m
[0mGET /common/nav/navigation.js [36m304 [0m0.295 ms - -[0m
[0mGET /blogApp.js [36m304 [0m0.280 ms - -[0m
[0mGET /nav/navigation.html [32m200 [0m0.628 ms - 693[0m
Fetching all blog documents
[ { _id: 5c9be2bb471f9077ceb9a151,
    blogTitle: 'New glob',
    blogText: 'globs are hard!',
    createdOn: 2019-03-27T20:53:15.797Z,
    __v: 0 },
  { _id: 5ca0fd52652a23782255f198,
    blogTitle: 'Fresh',
    blogText: 'Post',
    createdOn: 2019-03-31T17:48:02.432Z,
    __v: 0 },
  { _id: 5cad269c3a61580eb478da54,
    blogTitle: 'Joe',
    blogText: 'is gud at git',
    createdOn: 2019-04-09T23:11:24.473Z,
    __v: 0 },
  { _id: 5cb5360f2814c80f021a7d1d,
    blogTitle: 'New',
    blogText: '1234',
    createdOn: 2019-04-16T01:55:27.243Z,
    __v: 0 },
  { _id: 5cb53756fdd75d0f61d9118b,
    blogTitle: 'popcorn',
    blogText: 'is yummy',
    createdOn: 2019-04-16T02:00:54.486Z,
    __v: 0 } ]
[0mGET /api/blog [32m200 [0m18.201 ms - 601[0m
{ blogTitle: 'grant', blogText: 'sucks' }
{ _id: 5cb537b61e0a510f80060180,
  blogTitle: 'grant',
  blogText: 'sucks',
  createdOn: 2019-04-16T02:02:30.367Z,
  __v: 0 }
[0mPOST /api/blog [32m201 [0m30.553 ms - 120[0m
Fetching all blog documents
[ { _id: 5c9be2bb471f9077ceb9a151,
    blogTitle: 'New glob',
    blogText: 'globs are hard!',
    createdOn: 2019-03-27T20:53:15.797Z,
    __v: 0 },
  { _id: 5ca0fd52652a23782255f198,
    blogTitle: 'Fresh',
    blogText: 'Post',
    createdOn: 2019-03-31T17:48:02.432Z,
    __v: 0 },
  { _id: 5cad269c3a61580eb478da54,
    blogTitle: 'Joe',
    blogText: 'is gud at git',
    createdOn: 2019-04-09T23:11:24.473Z,
    __v: 0 },
  { _id: 5cb5360f2814c80f021a7d1d,
    blogTitle: 'New',
    blogText: '1234',
    createdOn: 2019-04-16T01:55:27.243Z,
    __v: 0 },
  { _id: 5cb53756fdd75d0f61d9118b,
    blogTitle: 'popcorn',
    blogText: 'is yummy',
    createdOn: 2019-04-16T02:00:54.486Z,
    __v: 0 },
  { _id: 5cb537b61e0a510f80060180,
    blogTitle: 'grant',
    blogText: 'sucks',
    createdOn: 2019-04-16T02:02:30.367Z,
    __v: 0 } ]
[0mGET /api/blog [32m200 [0m3.911 ms - 717[0m
Finding blog details { blogID: '5cb537b61e0a510f80060180' }
{ _id: 5cb537b61e0a510f80060180,
  blogTitle: 'grant',
  blogText: 'sucks',
  createdOn: 2019-04-16T02:02:30.367Z,
  __v: 0 }
[0mGET /api/blog/5cb537b61e0a510f80060180 [32m200 [0m6.490 ms - 120[0m
Finding blog details { blogID: '5cb537b61e0a510f80060180' }
{ _id: 5cb537b61e0a510f80060180,
  blogTitle: 'grant',
  blogText: 'sucks',
  createdOn: 2019-04-16T02:02:30.367Z,
  __v: 0 }
[0mGET /api/blog/5cb537b61e0a510f80060180 [32m200 [0m3.624 ms - 120[0m
[0mPOST /api/login [32m200 [0m16.999 ms - 253[0m
Fetching all blog documents
[ { _id: 5c9be2bb471f9077ceb9a151,
    blogTitle: 'New glob',
    blogText: 'globs are hard!',
    createdOn: 2019-03-27T20:53:15.797Z,
    __v: 0 },
  { _id: 5ca0fd52652a23782255f198,
    blogTitle: 'Fresh',
    blogText: 'Post',
    createdOn: 2019-03-31T17:48:02.432Z,
    __v: 0 },
  { _id: 5cad269c3a61580eb478da54,
    blogTitle: 'Joe',
    blogText: 'is gud at git',
    createdOn: 2019-04-09T23:11:24.473Z,
    __v: 0 },
  { _id: 5cb5360f2814c80f021a7d1d,
    blogTitle: 'New',
    blogText: '1234',
    createdOn: 2019-04-16T01:55:27.243Z,
    __v: 0 },
  { _id: 5cb53756fdd75d0f61d9118b,
    blogTitle: 'popcorn',
    blogText: 'is yummy',
    createdOn: 2019-04-16T02:00:54.486Z,
    __v: 0 },
  { _id: 5cb537b61e0a510f80060180,
    blogTitle: 'grant',
    blogText: 'sucks',
    createdOn: 2019-04-16T02:02:30.367Z,
    __v: 0 } ]
[0mGET /api/blog [32m200 [0m2.479 ms - 717[0m
Fetching all blog documents
[ { _id: 5c9be2bb471f9077ceb9a151,
    blogTitle: 'New glob',
    blogText: 'globs are hard!',
    createdOn: 2019-03-27T20:53:15.797Z,
    __v: 0 },
  { _id: 5ca0fd52652a23782255f198,
    blogTitle: 'Fresh',
    blogText: 'Post',
    createdOn: 2019-03-31T17:48:02.432Z,
    __v: 0 },
  { _id: 5cad269c3a61580eb478da54,
    blogTitle: 'Joe',
    blogText: 'is gud at git',
    createdOn: 2019-04-09T23:11:24.473Z,
    __v: 0 },
  { _id: 5cb5360f2814c80f021a7d1d,
    blogTitle: 'New',
    blogText: '1234',
    createdOn: 2019-04-16T01:55:27.243Z,
    __v: 0 },
  { _id: 5cb53756fdd75d0f61d9118b,
    blogTitle: 'popcorn',
    blogText: 'is yummy',
    createdOn: 2019-04-16T02:00:54.486Z,
    __v: 0 },
  { _id: 5cb537b61e0a510f80060180,
    blogTitle: 'grant',
    blogText: 'sucks',
    createdOn: 2019-04-16T02:02:30.367Z,
    __v: 0 } ]
[0mGET /api/blog [36m304 [0m3.614 ms - -[0m
Finding blog details { blogID: '5ca0fd52652a23782255f198' }
{ _id: 5ca0fd52652a23782255f198,
  blogTitle: 'Fresh',
  blogText: 'Post',
  createdOn: 2019-03-31T17:48:02.432Z,
  __v: 0 }
[0mGET /api/blog/5ca0fd52652a23782255f198 [32m200 [0m2.573 ms - 119[0m
Finding blog details { blogID: '5ca0fd52652a23782255f198' }
{ _id: 5ca0fd52652a23782255f198,
  blogTitle: 'Fresh',
  blogText: 'Post',
  createdOn: 2019-03-31T17:48:02.432Z,
  __v: 0 }
[0mGET /api/blog/5ca0fd52652a23782255f198 [32m200 [0m2.983 ms - 119[0m
[0mPOST /api/login [32m200 [0m14.553 ms - 253[0m
Fetching all blog documents
[ { _id: 5c9be2bb471f9077ceb9a151,
    blogTitle: 'New glob',
    blogText: 'globs are hard!',
    createdOn: 2019-03-27T20:53:15.797Z,
    __v: 0 },
  { _id: 5ca0fd52652a23782255f198,
    blogTitle: 'Fresh',
    blogText: 'Post',
    createdOn: 2019-03-31T17:48:02.432Z,
    __v: 0 },
  { _id: 5cad269c3a61580eb478da54,
    blogTitle: 'Joe',
    blogText: 'is gud at git',
    createdOn: 2019-04-09T23:11:24.473Z,
    __v: 0 },
  { _id: 5cb5360f2814c80f021a7d1d,
    blogTitle: 'New',
    blogText: '1234',
    createdOn: 2019-04-16T01:55:27.243Z,
    __v: 0 },
  { _id: 5cb53756fdd75d0f61d9118b,
    blogTitle: 'popcorn',
    blogText: 'is yummy',
    createdOn: 2019-04-16T02:00:54.486Z,
    __v: 0 },
  { _id: 5cb537b61e0a510f80060180,
    blogTitle: 'grant',
    blogText: 'sucks',
    createdOn: 2019-04-16T02:02:30.367Z,
    __v: 0 } ]
[0mGET /api/blog [32m200 [0m2.968 ms - 717[0m
Finding blog details { blogID: '5cb5360f2814c80f021a7d1d' }
{ _id: 5cb5360f2814c80f021a7d1d,
  blogTitle: 'New',
  blogText: '1234',
  createdOn: 2019-04-16T01:55:27.243Z,
  __v: 0 }
[0mGET /api/blog/5cb5360f2814c80f021a7d1d [32m200 [0m2.752 ms - 117[0m
Finding blog details { blogID: '5cb5360f2814c80f021a7d1d' }
{ _id: 5cb5360f2814c80f021a7d1d,
  blogTitle: 'New',
  blogText: '1234',
  createdOn: 2019-04-16T01:55:27.243Z,
  __v: 0 }
[0mGET /api/blog/5cb5360f2814c80f021a7d1d [36m304 [0m1.841 ms - -[0m
[0mGET / [32m200 [0m0.895 ms - 7306[0m
[0mGET /lib/angular-ui-router.min.js [36m304 [0m0.404 ms - -[0m
[0mGET /lib/angular-route.min.js [36m304 [0m0.402 ms - -[0m
[0mGET /blogApp.js [32m200 [0m1.120 ms - 9010[0m
[0mGET /common/nav/navigation.js [32m200 [0m1.460 ms - 756[0m
[0mGET /nav/navigation.html [36m304 [0m0.592 ms - -[0m
Finding blog details { blogID: '5ca0fd52652a23782255f198' }
{ _id: 5ca0fd52652a23782255f198,
  blogTitle: 'Fresh',
  blogText: 'Post',
  createdOn: 2019-03-31T17:48:02.432Z,
  __v: 0 }
[0mGET /api/blog/5ca0fd52652a23782255f198 [36m304 [0m2.531 ms - -[0m
Finding blog details { blogID: '5ca0fd52652a23782255f198' }
{ _id: 5ca0fd52652a23782255f198,
  blogTitle: 'Fresh',
  blogText: 'Post',
  createdOn: 2019-03-31T17:48:02.432Z,
  __v: 0 }
[0mGET /api/blog/5ca0fd52652a23782255f198 [32m200 [0m2.050 ms - 119[0m
Fetching all blog documents
[ { _id: 5c9be2bb471f9077ceb9a151,
    blogTitle: 'New glob',
    blogText: 'globs are hard!',
    createdOn: 2019-03-27T20:53:15.797Z,
    __v: 0 },
  { _id: 5ca0fd52652a23782255f198,
    blogTitle: 'Fresh',
    blogText: 'Post',
    createdOn: 2019-03-31T17:48:02.432Z,
    __v: 0 },
  { _id: 5cad269c3a61580eb478da54,
    blogTitle: 'Joe',
    blogText: 'is gud at git',
    createdOn: 2019-04-09T23:11:24.473Z,
    __v: 0 },
  { _id: 5cb5360f2814c80f021a7d1d,
    blogTitle: 'New',
    blogText: '1234',
    createdOn: 2019-04-16T01:55:27.243Z,
    __v: 0 },
  { _id: 5cb53756fdd75d0f61d9118b,
    blogTitle: 'popcorn',
    blogText: 'is yummy',
    createdOn: 2019-04-16T02:00:54.486Z,
    __v: 0 },
  { _id: 5cb537b61e0a510f80060180,
    blogTitle: 'grant',
    blogText: 'sucks',
    createdOn: 2019-04-16T02:02:30.367Z,
    __v: 0 } ]
[0mGET /api/blog [36m304 [0m2.808 ms - -[0m
Finding blog details { blogID: '5cb537b61e0a510f80060180' }
{ _id: 5cb537b61e0a510f80060180,
  blogTitle: 'grant',
  blogText: 'sucks',
  createdOn: 2019-04-16T02:02:30.367Z,
  __v: 0 }
[0mGET /api/blog/5cb537b61e0a510f80060180 [32m200 [0m2.167 ms - 120[0m
Finding blog details { blogID: '5cb537b61e0a510f80060180' }
{ _id: 5cb537b61e0a510f80060180,
  blogTitle: 'grant',
  blogText: 'sucks',
  createdOn: 2019-04-16T02:02:30.367Z,
  __v: 0 }
[0mGET /api/blog/5cb537b61e0a510f80060180 [36m304 [0m1.670 ms - -[0m
